Using TensorFlow backend.
[33mWARN: gym.spaces.Box autodetected dtype as <class 'numpy.float32'>. Please provide explicit dtype.[0m
[33mWARN: gym.spaces.Box autodetected dtype as <class 'numpy.float32'>. Please provide explicit dtype.[0m
Beginning training...

Results from test episode     10: Total Reward=-1238.84 over 200 steps
Results from test episode     20: Total Reward=-1025.06 over 200 steps
Results from test episode     30: Total Reward=-1177.65 over 200 steps
Results from test episode     40: Total Reward=-1073.63 over 200 steps
Results from test episode     50: Total Reward=-1470.71 over 200 steps
Results from test episode     60: Total Reward=-1262.87 over 200 steps
Results from test episode     70: Total Reward=-1077.11 over 200 steps
Results from test episode     80: Total Reward=-1409.59 over 200 steps
Results from test episode     90: Total Reward=-881.05 over 200 steps
Results from episode    100: Total Reward=-1252.26 over 200 steps
Results from test episode    100: Total Reward=-1406.94 over 200 steps
Results from test episode    110: Total Reward=-1567.37 over 200 steps
Results from test episode    120: Total Reward=-1532.61 over 200 steps
Results from test episode    130: Total Reward=-1202.12 over 200 steps
Results from test episode    140: Total Reward=-1390.78 over 200 steps
Results from test episode    150: Total Reward=-969.08 over 200 steps
Results from test episode    160: Total Reward=-1765.46 over 200 steps
Results from test episode    170: Total Reward=-1588.64 over 200 steps
Results from test episode    180: Total Reward=-1178.94 over 200 steps
Results from test episode    190: Total Reward=-1068.58 over 200 steps
Results from episode    200: Total Reward=-1184.73 over 200 steps
Results from test episode    200: Total Reward=-890.08 over 200 steps
Results from test episode    210: Total Reward=-1600.03 over 200 steps
Results from test episode    220: Total Reward=-888.63 over 200 steps
Results from test episode    230: Total Reward=-958.66 over 200 steps
Results from test episode    240: Total Reward=-985.77 over 200 steps
Results from test episode    250: Total Reward=-1395.98 over 200 steps
Results from test episode    260: Total Reward=-978.50 over 200 steps
Results from test episode    270: Total Reward=-1701.36 over 200 steps
Results from test episode    280: Total Reward=-1784.75 over 200 steps
Results from test episode    290: Total Reward=-1228.54 over 200 steps
Results from episode    300: Total Reward=-1463.95 over 200 steps
Results from test episode    300: Total Reward=-969.11 over 200 steps
Results from test episode    310: Total Reward=-890.92 over 200 steps
Results from test episode    320: Total Reward=-964.39 over 200 steps
Results from test episode    330: Total Reward=-949.00 over 200 steps
Results from test episode    340: Total Reward=-1570.38 over 200 steps
Results from test episode    350: Total Reward=-975.56 over 200 steps
Results from test episode    360: Total Reward=-881.71 over 200 steps
Results from test episode    370: Total Reward=-1698.54 over 200 steps
Results from test episode    380: Total Reward=-1264.92 over 200 steps
Results from test episode    390: Total Reward=-969.41 over 200 steps
Results from episode    400: Total Reward=-1727.77 over 200 steps
Results from test episode    400: Total Reward=-1025.34 over 200 steps
Results from test episode    410: Total Reward=-1576.37 over 200 steps
Results from test episode    420: Total Reward=-1043.64 over 200 steps
Results from test episode    430: Total Reward=-898.00 over 200 steps
Results from test episode    440: Total Reward=-966.67 over 200 steps
Results from test episode    450: Total Reward=-1246.70 over 200 steps
Results from test episode    460: Total Reward=-882.19 over 200 steps
Results from test episode    470: Total Reward=-954.80 over 200 steps
Results from test episode    480: Total Reward=-1307.65 over 200 steps
Results from test episode    490: Total Reward=-926.31 over 200 steps
Results from episode    500: Total Reward=-1152.78 over 200 steps
Results from test episode    500: Total Reward=-1333.46 over 200 steps
Results from test episode    510: Total Reward=-899.04 over 200 steps
Results from test episode    520: Total Reward=-982.60 over 200 steps
Results from test episode    530: Total Reward=-1283.64 over 200 steps
Results from test episode    540: Total Reward=-1220.00 over 200 steps
Results from test episode    550: Total Reward=-1478.97 over 200 steps
Results from test episode    560: Total Reward=-1819.59 over 200 steps
Results from test episode    570: Total Reward=-971.10 over 200 steps
Results from test episode    580: Total Reward=-1080.31 over 200 steps
Results from test episode    590: Total Reward=-1295.04 over 200 steps
Results from episode    600: Total Reward=-932.56 over 200 steps
Results from test episode    600: Total Reward=-1703.93 over 200 steps
Results from test episode    610: Total Reward=-814.19 over 200 steps
Results from test episode    620: Total Reward=-1741.34 over 200 steps
Results from test episode    630: Total Reward=-1744.78 over 200 steps
Results from test episode    640: Total Reward=-1470.60 over 200 steps
Results from test episode    650: Total Reward=-1447.32 over 200 steps
Results from test episode    660: Total Reward=-1705.76 over 200 steps
Results from test episode    670: Total Reward=-1172.90 over 200 steps
Results from test episode    680: Total Reward=-1568.15 over 200 steps
Results from test episode    690: Total Reward=-876.53 over 200 steps
Results from episode    700: Total Reward=-1751.46 over 200 steps
Results from test episode    700: Total Reward=-1470.41 over 200 steps
Results from test episode    710: Total Reward=-1090.20 over 200 steps
Results from test episode    720: Total Reward=-1739.63 over 200 steps
Results from test episode    730: Total Reward=-1003.82 over 200 steps
Results from test episode    740: Total Reward=-1499.68 over 200 steps
Results from test episode    750: Total Reward=-1704.71 over 200 steps
Results from test episode    760: Total Reward=-1277.88 over 200 steps
Results from test episode    770: Total Reward=-1566.19 over 200 steps
Results from test episode    780: Total Reward=-978.13 over 200 steps
Results from test episode    790: Total Reward=-887.90 over 200 steps
Results from episode    800: Total Reward=-990.37 over 200 steps
Results from test episode    800: Total Reward=-870.92 over 200 steps
Results from test episode    810: Total Reward=-1179.14 over 200 steps
Results from test episode    820: Total Reward=-1174.29 over 200 steps
Results from test episode    830: Total Reward=-858.12 over 200 steps
Results from test episode    840: Total Reward=-868.78 over 200 steps
Results from test episode    850: Total Reward=-1202.32 over 200 steps
Results from test episode    860: Total Reward=-1504.45 over 200 steps
Results from test episode    870: Total Reward=-885.90 over 200 steps
Results from test episode    880: Total Reward=-1683.94 over 200 steps
Results from test episode    890: Total Reward=-1323.69 over 200 steps
Results from episode    900: Total Reward=-990.01 over 200 steps
Results from test episode    900: Total Reward=-1636.87 over 200 steps
Results from test episode    910: Total Reward=-1283.60 over 200 steps
Results from test episode    920: Total Reward=-869.64 over 200 steps
Results from test episode    930: Total Reward=-1317.26 over 200 steps
Results from test episode    940: Total Reward=-943.16 over 200 steps
Results from test episode    950: Total Reward=-1375.91 over 200 steps
Results from test episode    960: Total Reward=-1071.09 over 200 steps
Results from test episode    970: Total Reward=-1123.47 over 200 steps
Results from test episode    980: Total Reward=-1284.99 over 200 steps
Results from test episode    990: Total Reward=-999.29 over 200 steps
Results from episode   1000: Total Reward=-1220.74 over 200 steps
Results from test episode   1000: Total Reward=-870.11 over 200 steps
testing model and rendering test...
Results from test episode: Total Reward=-1603.61 over 200 steps
