current_dir=/home/ec2-user/anaconda3/envs/tensorflow_p36/lib/python3.6/site-packages/pybullet_envs/bullet
WalkerBase::__init__
Agent Initialized
Beginning training...

options= 
Results from episode     10: Total Reward= -38.33 over 134 steps
Results from episode     20: Total Reward= -28.80 over 110 steps
Results from episode     30: Total Reward= -23.26 over 196 steps
Results from episode     40: Total Reward= -41.59 over  90 steps
Results from episode     50: Total Reward= -34.96 over  94 steps
Results from episode     60: Total Reward= -41.39 over  96 steps
Results from episode     70: Total Reward= -37.57 over  84 steps
Results from episode     80: Total Reward= -34.15 over  92 steps
Results from episode     90: Total Reward= -29.48 over 117 steps
Results from episode    100: Total Reward= -37.60 over  81 steps
Results from episode    110: Total Reward= -41.74 over  80 steps
Results from episode    120: Total Reward= -38.95 over 106 steps
Results from episode    130: Total Reward= 197.21 over 1000 steps
Results from episode    140: Total Reward= 214.47 over 1000 steps
Results from episode    150: Total Reward= 126.49 over 1000 steps
Results from episode    160: Total Reward= -39.46 over 139 steps
Results from episode    170: Total Reward= -33.10 over 128 steps
Results from episode    180: Total Reward= -43.05 over  87 steps
Results from episode    190: Total Reward= -39.12 over 120 steps
Results from episode    200: Total Reward= -39.81 over  88 steps
Results from episode    210: Total Reward= -17.30 over 192 steps
Results from episode    220: Total Reward= 138.49 over 1000 steps
Results from episode    230: Total Reward= -46.42 over  76 steps
Results from episode    240: Total Reward= -37.34 over  89 steps
Results from episode    250: Total Reward= -35.67 over  83 steps
Results from episode    260: Total Reward=  44.72 over 415 steps
Results from episode    270: Total Reward= -37.38 over 117 steps
Results from episode    280: Total Reward= -28.11 over 153 steps
Results from episode    290: Total Reward=  55.34 over 419 steps
Results from episode    300: Total Reward= -32.53 over  96 steps
Results from episode    310: Total Reward= -29.23 over 118 steps
Results from episode    320: Total Reward= -40.90 over  82 steps
Results from episode    330: Total Reward= -37.14 over 130 steps
Results from episode    340: Total Reward= -35.05 over  99 steps
Results from episode    350: Total Reward= -29.26 over 105 steps
Results from episode    360: Total Reward= -35.47 over  96 steps
Results from episode    370: Total Reward= -39.18 over  78 steps
Results from episode    380: Total Reward= -35.97 over 130 steps
Results from episode    390: Total Reward= -29.60 over  95 steps
Results from episode    400: Total Reward= -36.46 over 104 steps
Results from episode    410: Total Reward= -38.40 over  97 steps
Results from episode    420: Total Reward= -45.94 over  84 steps
Results from episode    430: Total Reward= -10.69 over 231 steps
Results from episode    440: Total Reward= -38.03 over  91 steps
Results from episode    450: Total Reward= -18.73 over 129 steps
Results from episode    460: Total Reward= 156.11 over 1000 steps
Results from episode    470: Total Reward= 144.55 over 1000 steps
Results from episode    480: Total Reward= 142.66 over 1000 steps
Results from episode    490: Total Reward= 279.92 over 1000 steps
Results from episode    500: Total Reward=  -6.63 over 197 steps
Results from episode    510: Total Reward= 187.69 over 1000 steps
Results from episode    520: Total Reward= 188.51 over 1000 steps
Results from episode    530: Total Reward= 220.98 over 1000 steps
Results from episode    540: Total Reward= 194.52 over 1000 steps
Results from episode    550: Total Reward= 172.17 over 1000 steps
Results from episode    560: Total Reward= 213.99 over 1000 steps
Results from episode    570: Total Reward= 117.80 over 589 steps
Results from episode    580: Total Reward= 223.32 over 1000 steps
Results from episode    590: Total Reward= -44.61 over 108 steps
Results from episode    600: Total Reward= 189.50 over 1000 steps
Results from episode    610: Total Reward= 127.43 over 1000 steps
Results from episode    620: Total Reward=   2.81 over 259 steps
Results from episode    630: Total Reward= 170.20 over 1000 steps
Results from episode    640: Total Reward= 153.19 over 1000 steps
Results from episode    650: Total Reward= 234.60 over 1000 steps
Results from episode    660: Total Reward= 240.33 over 1000 steps
Results from episode    670: Total Reward= 310.81 over 1000 steps
Results from episode    680: Total Reward= 285.36 over 1000 steps
Results from episode    690: Total Reward= 159.27 over 1000 steps
Results from episode    700: Total Reward= 166.44 over 1000 steps
Results from episode    710: Total Reward= 204.86 over 1000 steps
Results from episode    720: Total Reward= 222.46 over 1000 steps
Results from episode    730: Total Reward= 206.14 over 1000 steps
Results from episode    740: Total Reward= 218.13 over 1000 steps
Results from episode    750: Total Reward= 203.93 over 1000 steps
Results from episode    760: Total Reward= 197.74 over 1000 steps
Results from episode    770: Total Reward= 216.75 over 1000 steps
Results from episode    780: Total Reward=  99.79 over 622 steps
Results from episode    790: Total Reward= 185.79 over 1000 steps
Results from episode    800: Total Reward= 180.80 over 1000 steps
Results from episode    810: Total Reward= 217.29 over 1000 steps
Results from episode    820: Total Reward= 176.71 over 1000 steps
Results from episode    830: Total Reward= 211.97 over 1000 steps
Results from episode    840: Total Reward= 186.86 over 1000 steps
Results from episode    850: Total Reward= 202.49 over 1000 steps
Results from episode    860: Total Reward= 176.71 over 1000 steps
Results from episode    870: Total Reward= 188.75 over 1000 steps
Results from episode    880: Total Reward= 280.09 over 1000 steps
Results from episode    890: Total Reward= 224.16 over 1000 steps
Results from episode    900: Total Reward= 192.41 over 1000 steps
Results from episode    910: Total Reward= 137.18 over 1000 steps
Results from episode    920: Total Reward= 179.24 over 1000 steps
Results from episode    930: Total Reward= 195.83 over 1000 steps
Results from episode    940: Total Reward= 184.86 over 1000 steps
Results from episode    950: Total Reward= 174.94 over 1000 steps
Results from episode    960: Total Reward= 165.02 over 1000 steps
Results from episode    970: Total Reward= 168.70 over 1000 steps
Results from episode    980: Total Reward= 146.33 over 1000 steps
Results from episode    990: Total Reward= 240.94 over 1000 steps
Results from episode   1000: Total Reward= 133.79 over 1000 steps
3718
pybullet build time: May  4 2019 06:28:10
argv[0]=
