[33mWARN: gym.spaces.Box autodetected dtype as <class 'numpy.float32'>. Please provide explicit dtype.[0m
[33mWARN: gym.spaces.Box autodetected dtype as <class 'numpy.float32'>. Please provide explicit dtype.[0m
[33mWARN: Environment '<class 'roboschool.gym_mujoco_walkers.RoboschoolAnt'>' has deprecated methods '_step' and '_reset' rather than 'step' and 'reset'. Compatibility code invoked. Set _gym_disable_underscore_compat = True to disable this behavior.[0m
Agent Initialized
Beginning training...

Results from episode     10: Total Reward=-700.84 over 1000 steps
Results from episode     20: Total Reward=-707.16 over 1000 steps
Results from episode     30: Total Reward=-699.17 over 1000 steps
Results from episode     40: Total Reward=-704.88 over 1000 steps
Results from episode     50: Total Reward=-706.66 over 1000 steps
Results from episode     60: Total Reward=-705.94 over 1000 steps
Results from episode     70: Total Reward=-701.51 over 1000 steps
Results from episode     80: Total Reward=-705.07 over 1000 steps
Results from episode     90: Total Reward=-701.96 over 1000 steps
Results from episode    100: Total Reward=-706.08 over 1000 steps
Results from episode    110: Total Reward=-707.85 over 1000 steps
Results from episode    120: Total Reward=-702.10 over 1000 steps
Results from episode    130: Total Reward=-704.40 over 1000 steps
Results from episode    140: Total Reward=-702.78 over 1000 steps
Results from episode    150: Total Reward=-704.58 over 1000 steps
Results from episode    160: Total Reward=-703.18 over 1000 steps
Results from episode    170: Total Reward=-703.52 over 1000 steps
Results from episode    180: Total Reward=-704.12 over 1000 steps
Results from episode    190: Total Reward=-705.41 over 1000 steps
Results from episode    200: Total Reward=-698.96 over 1000 steps
Results from episode    210: Total Reward=-708.92 over 1000 steps
Results from episode    220: Total Reward=-708.16 over 1000 steps
Results from episode    230: Total Reward=-703.84 over 1000 steps
Results from episode    240: Total Reward=-701.89 over 1000 steps
Results from episode    250: Total Reward=-706.30 over 1000 steps
Results from episode    260: Total Reward=-707.04 over 1000 steps
Results from episode    270: Total Reward=-708.58 over 1000 steps
Results from episode    280: Total Reward=-705.70 over 1000 steps
Results from episode    290: Total Reward=-706.18 over 1000 steps
Results from episode    300: Total Reward=-698.33 over 1000 steps
Results from episode    310: Total Reward=-708.10 over 1000 steps
Results from episode    320: Total Reward=-707.15 over 1000 steps
Results from episode    330: Total Reward=-707.18 over 1000 steps
Results from episode    340: Total Reward=-706.42 over 1000 steps
Results from episode    350: Total Reward=-707.68 over 1000 steps
Results from episode    360: Total Reward=-702.96 over 1000 steps
Results from episode    370: Total Reward=-698.95 over 1000 steps
Results from episode    380: Total Reward=-700.77 over 1000 steps
Results from episode    390: Total Reward=-697.58 over 1000 steps
Results from episode    400: Total Reward=-703.46 over 1000 steps
Results from episode    410: Total Reward=-703.05 over 1000 steps
Results from episode    420: Total Reward=-707.77 over 1000 steps
Results from episode    430: Total Reward=-707.62 over 1000 steps
Results from episode    440: Total Reward=-698.82 over 1000 steps
Results from episode    450: Total Reward=-703.66 over 1000 steps
Results from episode    460: Total Reward=-704.97 over 1000 steps
Results from episode    470: Total Reward=-706.72 over 1000 steps
Results from episode    480: Total Reward=-699.22 over 1000 steps
Results from episode    490: Total Reward=-703.13 over 1000 steps
Results from episode    500: Total Reward=-706.92 over 1000 steps
Results from episode    510: Total Reward=-701.95 over 1000 steps
Results from episode    520: Total Reward=-685.57 over 1000 steps
Results from episode    530: Total Reward=-705.80 over 1000 steps
Results from episode    540: Total Reward=-707.17 over 1000 steps
Results from episode    550: Total Reward=-706.01 over 1000 steps
Results from episode    560: Total Reward=-702.42 over 1000 steps
Results from episode    570: Total Reward=-700.34 over 1000 steps
Results from episode    580: Total Reward=-701.35 over 1000 steps
Results from episode    590: Total Reward=-703.60 over 1000 steps
Results from episode    600: Total Reward=-701.49 over 1000 steps
Results from episode    610: Total Reward=-707.13 over 1000 steps
Results from episode    620: Total Reward=-701.74 over 1000 steps
Results from episode    630: Total Reward=-706.89 over 1000 steps
Results from episode    640: Total Reward=-701.82 over 1000 steps
Results from episode    650: Total Reward=-701.08 over 1000 steps
Results from episode    660: Total Reward=-704.38 over 1000 steps
Results from episode    670: Total Reward=-707.99 over 1000 steps
Results from episode    680: Total Reward=-705.98 over 1000 steps
Results from episode    690: Total Reward=-705.99 over 1000 steps
Results from episode    700: Total Reward=-704.42 over 1000 steps
Results from episode    710: Total Reward=-707.30 over 1000 steps
Results from episode    720: Total Reward=-705.17 over 1000 steps
Results from episode    730: Total Reward=-705.91 over 1000 steps
Results from episode    740: Total Reward=-708.14 over 1000 steps
Results from episode    750: Total Reward=-704.90 over 1000 steps
Results from episode    760: Total Reward=-702.40 over 1000 steps
Results from episode    770: Total Reward=-703.46 over 1000 steps
Results from episode    780: Total Reward=-704.96 over 1000 steps
Results from episode    790: Total Reward=-706.40 over 1000 steps
Results from episode    800: Total Reward=-702.07 over 1000 steps
Results from episode    810: Total Reward=-708.21 over 1000 steps
Results from episode    820: Total Reward=-700.59 over 1000 steps
Results from episode    830: Total Reward=-702.28 over 1000 steps
Results from episode    840: Total Reward=-699.35 over 1000 steps
Results from episode    850: Total Reward=-703.13 over 1000 steps
Results from episode    860: Total Reward=-700.47 over 1000 steps
Results from episode    870: Total Reward=-700.21 over 1000 steps
Results from episode    880: Total Reward=-698.81 over 1000 steps
Results from episode    890: Total Reward=-702.48 over 1000 steps
Results from episode    900: Total Reward=-708.36 over 1000 steps
Results from episode    910: Total Reward=-700.34 over 1000 steps
Results from episode    920: Total Reward=-700.32 over 1000 steps
Results from episode    930: Total Reward=-704.58 over 1000 steps
Results from episode    940: Total Reward=-705.81 over 1000 steps
Results from episode    950: Total Reward=-702.77 over 1000 steps
Results from episode    960: Total Reward=-698.37 over 1000 steps
Results from episode    970: Total Reward=-705.23 over 1000 steps
Results from episode    980: Total Reward=-703.57 over 1000 steps
Results from episode    990: Total Reward=-702.43 over 1000 steps
Results from episode   1000: Total Reward=-703.67 over 1000 steps
5226
