current_dir=/home/ec2-user/anaconda3/envs/tensorflow_p36/lib/python3.6/site-packages/pybullet_envs/bullet
WalkerBase::__init__
Agent Initialized
Beginning training...

options= 
Results from episode      2: Total Reward= 477.50 over 1000 steps
Results from episode      5: Total Reward= 638.20 over 1000 steps
Results from episode      6: Total Reward= 377.86 over 1000 steps
Results from episode      7: Total Reward= 632.11 over 964 steps
Results from episode      9: Total Reward= 569.34 over 1000 steps
Results from episode     11: Total Reward= 474.32 over 1000 steps
Results from episode     12: Total Reward= 543.13 over 1000 steps
Results from episode     13: Total Reward= 481.81 over 1000 steps
Results from episode     14: Total Reward= 662.76 over 1000 steps
Results from episode     15: Total Reward= 482.64 over 1000 steps
Results from episode     16: Total Reward= 427.26 over 1000 steps
Results from episode     18: Total Reward= 372.91 over 551 steps
Results from episode     70: Total Reward= 424.47 over 1000 steps
Results from episode     71: Total Reward= 444.90 over 1000 steps
Results from episode     73: Total Reward= 535.48 over 1000 steps
Results from episode     74: Total Reward= 190.24 over 520 steps
Results from episode     75: Total Reward= 690.46 over 1000 steps
Results from episode     76: Total Reward= 672.43 over 1000 steps
Results from episode     77: Total Reward= 522.24 over 1000 steps
Results from episode     78: Total Reward= 491.40 over 1000 steps
Results from episode     79: Total Reward= 393.61 over 1000 steps
Results from episode     80: Total Reward= 195.28 over 571 steps
Results from episode     81: Total Reward= 392.79 over 1000 steps
Results from episode     82: Total Reward= 312.21 over 1000 steps
Results from episode     83: Total Reward= 508.17 over 1000 steps
Results from episode     85: Total Reward= 530.38 over 1000 steps
Results from episode     86: Total Reward= 573.65 over 1000 steps
Results from episode     87: Total Reward= 625.23 over 1000 steps
Results from episode     88: Total Reward= 669.09 over 1000 steps
Results from episode     89: Total Reward= 251.89 over 1000 steps
Results from episode     90: Total Reward= 659.00 over 1000 steps
Results from episode     91: Total Reward= 781.69 over 1000 steps
Results from episode     92: Total Reward= 645.42 over 1000 steps
Results from episode     93: Total Reward= 593.51 over 1000 steps
Results from episode     94: Total Reward= 563.41 over 1000 steps
Results from episode     95: Total Reward= 471.71 over 1000 steps
Results from episode     96: Total Reward= 414.56 over 1000 steps
Results from episode     98: Total Reward= 601.01 over 1000 steps
Results from episode     99: Total Reward= 501.22 over 1000 steps
Results from episode    100: Total Reward= 470.33 over 1000 steps
Results from episode    100: Total Reward= 470.33 over 1000 steps
Results from episode    101: Total Reward= 197.72 over 1000 steps
Results from episode    116: Total Reward= 280.46 over 1000 steps
Results from episode    118: Total Reward= 121.43 over 1000 steps
Results from episode    119: Total Reward=  90.56 over 1000 steps
Results from episode    120: Total Reward= 193.00 over 1000 steps
Results from episode    122: Total Reward= 189.11 over 1000 steps
Results from episode    123: Total Reward= 194.13 over 1000 steps
Results from episode    125: Total Reward=  94.47 over 1000 steps
Results from episode    128: Total Reward= 183.58 over 1000 steps
Results from episode    129: Total Reward= 188.83 over 1000 steps
Results from episode    130: Total Reward=  90.96 over 1000 steps
Results from episode    132: Total Reward=  91.99 over 1000 steps
Results from episode    133: Total Reward=  61.23 over 718 steps
Results from episode    135: Total Reward=  89.26 over 1000 steps
Results from episode    136: Total Reward=  97.61 over 1000 steps
Results from episode    200: Total Reward=   9.32 over 247 steps
Results from episode    300: Total Reward= -12.06 over  31 steps
Results from episode    400: Total Reward=  -2.74 over 125 steps
Results from episode    500: Total Reward=  -0.94 over 136 steps
Results from episode    600: Total Reward= -10.53 over  31 steps
Results from episode    700: Total Reward=  11.02 over 269 steps
Results from episode    800: Total Reward=   0.74 over 138 steps
Results from episode    900: Total Reward=  -5.57 over 100 steps
Results from episode   1000: Total Reward=  -9.46 over  29 steps
Results from episode   1100: Total Reward= -12.29 over  30 steps
Results from episode   1200: Total Reward= -13.41 over  32 steps
Results from episode   1300: Total Reward=  -3.71 over  98 steps
Results from episode   1400: Total Reward= -11.06 over  30 steps
Results from episode   1500: Total Reward= -11.87 over  30 steps
Results from episode   1600: Total Reward=   4.58 over 201 steps
Results from episode   1700: Total Reward= -11.72 over  30 steps
Results from episode   1800: Total Reward=   3.30 over 175 steps
Results from episode   1900: Total Reward= -11.43 over  31 steps
Results from episode   2000: Total Reward=  -0.43 over 136 steps
Results from episode   2100: Total Reward=  -0.25 over 153 steps
Results from episode   2200: Total Reward= -14.03 over  40 steps
Results from episode   2300: Total Reward= -10.71 over  31 steps
Results from episode   2400: Total Reward=  -1.38 over 115 steps
Results from episode   2500: Total Reward=  -9.44 over  30 steps
Results from episode   2600: Total Reward= -12.39 over  31 steps
Results from episode   2700: Total Reward= -10.25 over  30 steps
Results from episode   2800: Total Reward=  -6.13 over  67 steps
Results from episode   2900: Total Reward= -12.99 over  32 steps
Results from episode   3000: Total Reward=  -8.37 over  67 steps
Results from episode   3100: Total Reward=  -6.38 over  79 steps
Results from episode   3200: Total Reward=  -7.10 over  60 steps
Results from episode   3300: Total Reward= -11.84 over  31 steps
Results from episode   3400: Total Reward=  -7.68 over  56 steps
Results from episode   3500: Total Reward=  -2.13 over 106 steps
Results from episode   3600: Total Reward=  -8.05 over  53 steps
Results from episode   3668: Total Reward=  88.11 over 1000 steps
Results from episode   3700: Total Reward=  13.47 over 288 steps
Results from episode   3800: Total Reward=  -5.88 over  92 steps
Results from episode   3900: Total Reward=  16.64 over 316 steps
Results from episode   4000: Total Reward=  -3.13 over 122 steps
Results from episode   4100: Total Reward=  -5.59 over  78 steps
Results from episode   4200: Total Reward=   3.03 over 186 steps
Results from episode   4300: Total Reward=   2.44 over 172 steps
Results from episode   4400: Total Reward=  -9.67 over  30 steps
Results from episode   4500: Total Reward= -10.62 over  46 steps
Results from episode   4600: Total Reward=  -0.14 over 146 steps
Results from episode   4700: Total Reward=  -7.16 over  64 steps
Results from episode   4800: Total Reward= -12.28 over  31 steps
Results from episode   4900: Total Reward= -14.01 over  37 steps
Results from episode   5000: Total Reward= -10.47 over  30 steps
Results from episode   5100: Total Reward= -10.21 over  30 steps
Results from episode   5200: Total Reward= -10.48 over  40 steps
Results from episode   5300: Total Reward=  -7.89 over  44 steps
Results from episode   5400: Total Reward= -11.88 over  31 steps
Results from episode   5500: Total Reward=  -9.28 over  57 steps
Results from episode   5600: Total Reward= -11.98 over  30 steps
Results from episode   5700: Total Reward=   1.73 over 186 steps
Results from episode   5800: Total Reward=  -2.97 over 119 steps
Results from episode   5900: Total Reward=   3.78 over 196 steps
Results from episode   6000: Total Reward= -11.75 over  30 steps
Results from episode   6100: Total Reward=   6.85 over 222 steps
Results from episode   6200: Total Reward= -11.83 over  30 steps
Results from episode   6300: Total Reward=  -0.15 over 149 steps
Results from episode   6400: Total Reward=  -3.14 over 122 steps
Results from episode   6500: Total Reward=   0.84 over 157 steps
Results from episode   6600: Total Reward=  -8.31 over  52 steps
Results from episode   6700: Total Reward=  -6.38 over  84 steps
Results from episode   6800: Total Reward= -11.76 over  30 steps
Results from episode   6900: Total Reward=  -8.39 over  60 steps
Results from episode   7000: Total Reward=   1.15 over 161 steps
Results from episode   7100: Total Reward= -11.78 over  30 steps
Results from episode   7200: Total Reward=  -7.66 over  48 steps
Results from episode   7300: Total Reward= -10.99 over  30 steps
Results from episode   7400: Total Reward=   5.89 over 211 steps
Results from episode   7500: Total Reward= -10.11 over  29 steps
Results from episode   7600: Total Reward=   0.53 over 136 steps
Results from episode   7700: Total Reward=  -0.90 over 139 steps
Results from episode   7800: Total Reward= -10.97 over  30 steps
Results from episode   7900: Total Reward= -12.31 over  31 steps
Results from episode   8000: Total Reward= -12.31 over  31 steps
Results from episode   8100: Total Reward=  10.04 over 248 steps
Results from episode   8200: Total Reward= -12.10 over  31 steps
Results from episode   8300: Total Reward= -12.41 over  31 steps
Results from episode   8400: Total Reward= -10.65 over  45 steps
Results from episode   8500: Total Reward=  -3.56 over  98 steps
Results from episode   8600: Total Reward= -12.65 over  31 steps
Results from episode   8700: Total Reward=  -2.75 over 100 steps
Results from episode   8800: Total Reward= -11.42 over  30 steps
Results from episode   8900: Total Reward= -10.12 over  30 steps
Results from episode   9000: Total Reward= -12.76 over  31 steps
Results from episode   9100: Total Reward= -11.20 over  30 steps
Results from episode   9200: Total Reward= -10.39 over  30 steps
Results from episode   9300: Total Reward= -11.95 over  30 steps
Results from episode   9400: Total Reward=   4.72 over 195 steps
Results from episode   9500: Total Reward= -12.08 over  31 steps
Results from episode   9600: Total Reward=  11.90 over 283 steps
Results from episode   9700: Total Reward=   6.95 over 220 steps
Results from episode   9800: Total Reward= -12.50 over  31 steps
Results from episode   9900: Total Reward=  -5.52 over  88 steps
Results from episode  10000: Total Reward=   3.19 over 179 steps
Results from episode    100: Total Reward= -10.16 over  30 steps
Results from episode    200: Total Reward= -12.51 over  31 steps
Results from episode    300: Total Reward=  10.66 over 269 steps
Results from episode    400: Total Reward=  -7.05 over  57 steps
Results from episode    500: Total Reward= -11.66 over  30 steps
Results from episode    600: Total Reward=  -8.67 over  65 steps
Results from episode    700: Total Reward= -10.77 over  29 steps
Results from episode    800: Total Reward= -11.79 over  30 steps
Results from episode    900: Total Reward=  -9.99 over  29 steps
Results from episode   1000: Total Reward=  -7.85 over  65 steps
Results from episode   1100: Total Reward= -12.23 over  31 steps
Results from episode   1200: Total Reward= -14.42 over  41 steps
Results from episode   1300: Total Reward= -11.88 over  30 steps
Results from episode   1400: Total Reward= -11.05 over  31 steps
Results from episode   1500: Total Reward=  14.09 over 289 steps
Results from episode   1600: Total Reward= -12.51 over  31 steps
Results from episode   1635: Total Reward=  87.47 over 1000 steps
Results from episode   1700: Total Reward= -12.57 over  31 steps
Results from episode   1800: Total Reward=  -4.41 over  92 steps
Results from episode   1900: Total Reward= -12.07 over  31 steps
Results from episode   2000: Total Reward=  -9.69 over  52 steps
Results from episode   2100: Total Reward=  -9.00 over  60 steps
Results from episode   2200: Total Reward= -10.15 over  44 steps
Results from episode   2300: Total Reward= -10.98 over  31 steps
Results from episode   2400: Total Reward=  -9.88 over  46 steps
Results from episode   2500: Total Reward= -10.33 over  30 steps
Results from episode   2600: Total Reward=  -3.43 over 109 steps
Results from episode   2700: Total Reward= -10.02 over  43 steps
Results from episode   2800: Total Reward= -12.18 over  31 steps
Results from episode   2900: Total Reward= -11.26 over  30 steps
Results from episode   3000: Total Reward= -10.85 over  30 steps
Results from episode   3100: Total Reward=   2.71 over 175 steps
Results from episode   3200: Total Reward=  -5.97 over  81 steps
Results from episode   3300: Total Reward= -10.29 over  30 steps
Results from episode   3400: Total Reward=   4.13 over 190 steps
Results from episode   3500: Total Reward=  -7.97 over  73 steps
Results from episode   3600: Total Reward=   0.86 over 164 steps
Results from episode   3700: Total Reward=  -8.68 over  41 steps
Results from episode   3800: Total Reward= -12.68 over  30 steps
Results from episode   3900: Total Reward=   1.69 over 140 steps
Results from episode   4000: Total Reward=  -8.65 over  44 steps
Results from episode   4100: Total Reward= -11.08 over  30 steps
Results from episode   4200: Total Reward= -11.05 over  31 steps
Results from episode   4300: Total Reward=   9.33 over 245 steps
Results from episode   4400: Total Reward= -13.08 over  40 steps
Results from episode   4500: Total Reward=   0.20 over 116 steps
Results from episode   4600: Total Reward=  -9.17 over  41 steps
Results from episode   4700: Total Reward=  11.30 over 281 steps
Results from episode   4800: Total Reward= -10.09 over  30 steps
Results from episode   4900: Total Reward= -10.81 over  31 steps
Results from episode   5000: Total Reward=  11.88 over 276 steps
Results from episode   5100: Total Reward= -11.25 over  30 steps
Results from episode   5200: Total Reward=  -5.38 over 101 steps
Results from episode   5300: Total Reward= -12.01 over  31 steps
Results from episode   5400: Total Reward=  -3.33 over  94 steps
Results from episode   5500: Total Reward=   0.07 over 147 steps
Results from episode   5600: Total Reward=   1.42 over 161 steps
Results from episode   5700: Total Reward=  -4.25 over 107 steps
Results from episode   5800: Total Reward=  -7.35 over  72 steps
Results from episode   5900: Total Reward= -10.02 over  30 steps
Results from episode   6000: Total Reward= -11.94 over  30 steps
Results from episode   6100: Total Reward=  -7.99 over  80 steps
Results from episode   6200: Total Reward=  -7.56 over  76 steps
Results from episode   6300: Total Reward=  -2.21 over 122 steps
Results from episode   6400: Total Reward= -12.87 over  32 steps
Results from episode   6500: Total Reward=  -8.49 over  46 steps
Results from episode   6600: Total Reward=  -6.61 over  82 steps
Results from episode   6700: Total Reward=   3.92 over 203 steps
Results from episode   6800: Total Reward= -10.79 over  30 steps
Results from episode   6900: Total Reward=  -6.88 over  90 steps
Results from episode   7000: Total Reward=  -2.25 over 130 steps
Results from episode   7100: Total Reward=  -7.18 over  71 steps
Results from episode   7200: Total Reward= -11.16 over  30 steps
Results from episode   7300: Total Reward=  -6.72 over  84 steps
Results from episode   7400: Total Reward= -10.28 over  30 steps
Results from episode   7500: Total Reward= -10.50 over  44 steps
Results from episode   7600: Total Reward=   1.47 over 171 steps
Results from episode   7700: Total Reward=  -4.33 over 103 steps
Results from episode   7800: Total Reward=   1.66 over 165 steps
Results from episode   7900: Total Reward= -12.45 over  31 steps
Results from episode   8000: Total Reward=  -9.42 over  45 steps
Results from episode   8100: Total Reward=  -0.69 over 144 steps
Results from episode   8200: Total Reward= -11.88 over  30 steps
Results from episode   8300: Total Reward=  -1.16 over 110 steps
Results from episode   8400: Total Reward=  -6.62 over  60 steps
Results from episode   8500: Total Reward= -11.42 over  30 steps
Results from episode   8600: Total Reward= -11.69 over  30 steps
Results from episode   8700: Total Reward= -10.56 over  44 steps
Results from episode   8800: Total Reward= -11.19 over  30 steps
Results from episode   8900: Total Reward= -12.42 over  31 steps
Results from episode   9000: Total Reward=   6.46 over 216 steps
Results from episode   9100: Total Reward= -10.67 over  31 steps
Results from episode   9200: Total Reward= -11.82 over  30 steps
Results from episode   9300: Total Reward= -10.43 over  30 steps
Results from episode   9400: Total Reward= -12.03 over  31 steps
Results from episode   9500: Total Reward=  -8.09 over  63 steps
Results from episode   9600: Total Reward= -10.88 over  53 steps
Results from episode   9700: Total Reward=   1.39 over 166 steps
Results from episode   9800: Total Reward= -11.18 over  31 steps
Results from episode   9900: Total Reward=  -0.63 over 128 steps
Results from episode  10000: Total Reward=  10.16 over 253 steps
Results from episode    100: Total Reward= -11.83 over  30 steps
Results from episode    200: Total Reward=   6.84 over 218 steps
Results from episode    300: Total Reward=  -9.33 over  61 steps
Results from episode    400: Total Reward=   2.02 over 175 steps
Results from episode    500: Total Reward= -10.99 over  31 steps
Results from episode    600: Total Reward= -13.01 over  31 steps
Results from episode    700: Total Reward=  -5.17 over 110 steps
Results from episode    800: Total Reward= -12.92 over  42 steps
Results from episode    900: Total Reward= -10.02 over  30 steps
Results from episode   1000: Total Reward= -11.87 over  30 steps
Results from episode   1100: Total Reward=  -5.84 over  95 steps
Results from episode   1200: Total Reward= -11.13 over  31 steps
Results from episode   1300: Total Reward=  -6.24 over  74 steps
Results from episode   1400: Total Reward=   0.07 over 149 steps
Results from episode   1500: Total Reward=  -3.21 over 110 steps
Results from episode   1600: Total Reward= -10.11 over  47 steps
Results from episode   1700: Total Reward=   6.14 over 216 steps
Results from episode   1800: Total Reward= -12.04 over  31 steps
Results from episode   1900: Total Reward=  -9.60 over  62 steps
Results from episode   2000: Total Reward=  -2.62 over 121 steps
Results from episode   2100: Total Reward= -12.38 over  31 steps
Results from episode   2200: Total Reward= -14.03 over  32 steps
Results from episode   2300: Total Reward= -11.61 over  30 steps
Results from episode   2400: Total Reward=  13.42 over 283 steps
Results from episode   2500: Total Reward=   0.61 over 130 steps
Results from episode   2600: Total Reward=  -9.75 over  53 steps
Results from episode   2700: Total Reward=  -4.13 over 108 steps
Results from episode   2800: Total Reward=   0.63 over 157 steps
Results from episode   2900: Total Reward=  -7.09 over  55 steps
Results from episode   3000: Total Reward= -12.21 over  31 steps
Results from episode   3100: Total Reward= -11.58 over  32 steps
Results from episode   3200: Total Reward=  -7.35 over  74 steps
Results from episode   3300: Total Reward= -11.63 over  30 steps
Results from episode   3400: Total Reward= -12.28 over  31 steps
Results from episode   3500: Total Reward= -11.69 over  30 steps
Results from episode   3600: Total Reward=  -0.81 over 138 steps
Results from episode   3700: Total Reward= -10.77 over  30 steps
Results from episode   3800: Total Reward=  -8.45 over  51 steps
Results from episode   3900: Total Reward=   5.12 over 204 steps
Results from episode   4000: Total Reward= -12.71 over  31 steps
Results from episode   4100: Total Reward= -10.49 over  41 steps
Results from episode   4200: Total Reward=  -5.59 over  86 steps
Results from episode   4300: Total Reward=  -8.86 over  69 steps
Results from episode   4400: Total Reward= -11.36 over  30 steps
Results from episode   4500: Total Reward= -13.40 over  41 steps
Results from episode   4600: Total Reward=  -5.78 over  82 steps
Results from episode   4700: Total Reward=  -3.70 over 118 steps
Results from episode   4800: Total Reward= -10.22 over  30 steps
Results from episode   4900: Total Reward=  -2.57 over 126 steps
Results from episode   5000: Total Reward=  -7.29 over  66 steps
Results from episode   5100: Total Reward=  -9.78 over  42 steps
Results from episode   5200: Total Reward=   0.11 over 137 steps
Results from episode   5300: Total Reward= -12.46 over  31 steps
Results from episode   5400: Total Reward=  -3.23 over 123 steps
Results from episode   5500: Total Reward= -11.06 over  30 steps
Results from episode   5600: Total Reward= -12.41 over  31 steps
Results from episode   5700: Total Reward= -11.42 over  30 steps
Results from episode   5800: Total Reward=   2.78 over 172 steps
Results from episode   5900: Total Reward= -10.61 over  39 steps
Results from episode   6000: Total Reward= -11.71 over  30 steps
Results from episode   6100: Total Reward=  -4.66 over  83 steps
Results from episode   6200: Total Reward=   9.09 over 233 steps
Results from episode   6300: Total Reward=  -7.20 over  82 steps
Results from episode   6400: Total Reward=   2.23 over 172 steps
Results from episode   6500: Total Reward=  -8.02 over  71 steps
Results from episode   6600: Total Reward= -12.43 over  30 steps
Results from episode   6700: Total Reward=  -7.33 over  55 steps
Results from episode   6800: Total Reward= -10.29 over  30 steps
Results from episode   6900: Total Reward= -11.31 over  31 steps
Results from episode   7000: Total Reward= -10.00 over  30 steps
Results from episode   7100: Total Reward=  -7.10 over  85 steps
Results from episode   7200: Total Reward=  -1.80 over 107 steps
Results from episode   7300: Total Reward=  -5.79 over  72 steps
Results from episode   7400: Total Reward=  -0.72 over 147 steps
Results from episode   7500: Total Reward= -11.42 over  30 steps
Results from episode   7600: Total Reward=  -3.38 over 102 steps
Results from episode   7700: Total Reward= -11.15 over  30 steps
Results from episode   7800: Total Reward= -12.61 over  31 steps
Results from episode   7900: Total Reward=  -4.72 over 101 steps
Results from episode   8000: Total Reward= -11.05 over  31 steps
Results from episode   8100: Total Reward= -12.36 over  31 steps
Results from episode   8200: Total Reward= -11.13 over  31 steps
Results from episode   8300: Total Reward=  11.33 over 269 steps
Results from episode   8400: Total Reward=  -5.56 over  79 steps
Results from episode   8500: Total Reward= -11.03 over  30 steps
Results from episode   8600: Total Reward= -11.40 over  30 steps
Results from episode   8700: Total Reward=   8.49 over 237 steps
Results from episode   8800: Total Reward= -12.10 over  31 steps
Results from episode   8900: Total Reward= -11.72 over  30 steps
Results from episode   9000: Total Reward= -11.32 over  41 steps
Results from episode   9100: Total Reward= -12.15 over  31 steps
Results from episode   9200: Total Reward=  -1.50 over 138 steps
Results from episode   9300: Total Reward= -11.56 over  30 steps
Results from episode   9400: Total Reward=   0.63 over 152 steps
Results from episode   9500: Total Reward=  -8.99 over  59 steps
Results from episode   9600: Total Reward= -13.22 over  32 steps
Results from episode   9700: Total Reward= -12.12 over  30 steps
Results from episode   9800: Total Reward= -11.63 over  31 steps
Results from episode   9900: Total Reward=  -9.02 over  47 steps
Results from episode  10000: Total Reward= -11.16 over  31 steps
Results from episode    100: Total Reward= -11.66 over  30 steps
Results from episode    200: Total Reward=   6.83 over 219 steps
Results from episode    300: Total Reward= -13.01 over  31 steps
Results from episode    400: Total Reward=  -5.27 over 101 steps
Results from episode    500: Total Reward= -11.70 over  31 steps
Results from episode    600: Total Reward= -11.59 over  30 steps
Results from episode    700: Total Reward=  -9.31 over  64 steps
Results from episode    800: Total Reward= -11.47 over  30 steps
Results from episode    900: Total Reward= -10.73 over  44 steps
Results from episode   1000: Total Reward=  -4.00 over  93 steps
Results from episode   1100: Total Reward=   1.28 over 148 steps
Results from episode   1200: Total Reward= -10.07 over  30 steps
Results from episode   1300: Total Reward= -11.74 over  30 steps
Results from episode   1400: Total Reward= -10.44 over  41 steps
Results from episode   1500: Total Reward= -11.43 over  30 steps
Results from episode   1600: Total Reward= -10.22 over  45 steps
Results from episode   1700: Total Reward=  -2.00 over 131 steps
Results from episode   1800: Total Reward=  -7.54 over  59 steps
Results from episode   1900: Total Reward= -11.08 over  29 steps
Results from episode   2000: Total Reward= -12.34 over  31 steps
Results from episode   2100: Total Reward=  -6.92 over  56 steps
Results from episode   2200: Total Reward=  -4.78 over  79 steps
Results from episode   2300: Total Reward= -11.81 over  30 steps
Results from episode   2400: Total Reward=  -6.64 over  60 steps
Results from episode   2500: Total Reward=  -0.05 over 136 steps
Results from episode   2600: Total Reward= -11.72 over  30 steps
Results from episode   2700: Total Reward= -10.34 over  31 steps
Results from episode   2800: Total Reward= -11.49 over  31 steps
Results from episode   2900: Total Reward= -11.04 over  31 steps
Results from episode   3000: Total Reward= -11.33 over  30 steps
Results from episode   3100: Total Reward=  -9.86 over  44 steps
Results from episode   3200: Total Reward= -12.76 over  31 steps
Results from episode   3300: Total Reward= -11.80 over  30 steps
Results from episode   3400: Total Reward=  -3.98 over  78 steps
Results from episode   3500: Total Reward=  -0.58 over 121 steps
Results from episode   3600: Total Reward=  -9.70 over  30 steps
Results from episode   3700: Total Reward= -12.60 over  31 steps
Results from episode   3800: Total Reward= -10.51 over  31 steps
Results from episode   3900: Total Reward= -10.62 over  41 steps
Results from episode   4000: Total Reward= -12.07 over  30 steps
Results from episode   4100: Total Reward=  -0.58 over 143 steps
Results from episode   4200: Total Reward= -13.18 over  31 steps
Results from episode   4300: Total Reward= -11.24 over  30 steps
Results from episode   4400: Total Reward=  -1.85 over 129 steps
Results from episode   4500: Total Reward= -12.61 over  31 steps
Results from episode   4600: Total Reward= -10.36 over  30 steps
Results from episode   4700: Total Reward=  -1.40 over 115 steps
Results from episode   4800: Total Reward= -12.27 over  31 steps
Results from episode   4900: Total Reward=  -2.69 over 117 steps
Results from episode   5000: Total Reward= -11.96 over  30 steps
Results from episode   5100: Total Reward=   7.33 over 226 steps
Results from episode   5200: Total Reward= -11.66 over  30 steps
Results from episode   5300: Total Reward=  -5.31 over  96 steps
Results from episode   5400: Total Reward= -10.19 over  31 steps
Results from episode   5500: Total Reward=   3.64 over 187 steps
Results from episode   5600: Total Reward= -12.66 over  31 steps
Results from episode   5700: Total Reward= -12.30 over  30 steps
Results from episode   5800: Total Reward= -10.22 over  31 steps
Results from episode   5900: Total Reward=  10.90 over 266 steps
Results from episode   6000: Total Reward= -11.51 over  30 steps
Results from episode   6100: Total Reward=  -5.79 over  80 steps
Results from episode   6200: Total Reward=   2.99 over 175 steps
Results from episode   6300: Total Reward=  -9.79 over  56 steps
Results from episode   6400: Total Reward= -11.94 over  30 steps
Results from episode   6500: Total Reward= -12.10 over  31 steps
Results from episode   6556: Total Reward=  86.78 over 1000 steps
Results from episode   6600: Total Reward=  -8.48 over  71 steps
Results from episode   6700: Total Reward=   1.87 over 168 steps
Results from episode   6800: Total Reward=  -9.04 over  50 steps
Results from episode   6900: Total Reward=  -5.98 over  75 steps
Results from episode   7000: Total Reward= -12.43 over  31 steps
Results from episode   7100: Total Reward= -12.29 over  31 steps
Results from episode   7200: Total Reward=   4.05 over 191 steps
Results from episode   7300: Total Reward= -12.35 over  31 steps
Results from episode   7400: Total Reward=  -5.30 over  70 steps
Results from episode   7500: Total Reward= -12.05 over  31 steps
Results from episode   7600: Total Reward=  -9.97 over  30 steps
Results from episode   7700: Total Reward= -10.08 over  30 steps
Results from episode   7800: Total Reward=  -9.92 over  30 steps
Results from episode   7900: Total Reward= -12.77 over  31 steps
Results from episode   8000: Total Reward=  10.21 over 263 steps
Results from episode   8100: Total Reward= -10.07 over  64 steps
Results from episode   8200: Total Reward=  -3.83 over 107 steps
