
Restarting Training...
Results from episode      1: Total Reward= 569.67 over 1000 steps
Results from episode      2: Total Reward= 406.14 over 1000 steps
Results from episode      3: Total Reward= 401.23 over 1000 steps
Results from episode      5: Total Reward= 352.62 over 1000 steps
Results from episode      6: Total Reward= 400.45 over 1000 steps
Results from episode      7: Total Reward= 477.09 over 1000 steps
Results from episode      8: Total Reward= 515.81 over 1000 steps
Results from episode      9: Total Reward= 455.11 over 1000 steps
Results from episode     10: Total Reward= 486.76 over 1000 steps
Results from episode     11: Total Reward= 385.87 over 1000 steps
Results from episode     12: Total Reward= 318.15 over 640 steps
Results from episode     13: Total Reward= 430.91 over 1000 steps
Results from episode     14: Total Reward= 429.89 over 1000 steps
Results from episode     15: Total Reward= 280.25 over 1000 steps
Results from episode     16: Total Reward= 475.36 over 1000 steps
Results from episode     17: Total Reward= 527.91 over 1000 steps
Results from episode     18: Total Reward= 507.13 over 1000 steps
Results from episode     19: Total Reward= 253.66 over 518 steps
Results from episode     20: Total Reward= 543.33 over 1000 steps
Results from episode     21: Total Reward= 567.36 over 1000 steps
Results from episode     22: Total Reward= 452.22 over 1000 steps
Results from episode     23: Total Reward= 330.09 over 1000 steps
Results from episode     25: Total Reward= 510.99 over 1000 steps
Results from episode     26: Total Reward= 535.29 over 1000 steps
Results from episode     27: Total Reward= 572.68 over 1000 steps
Results from episode     28: Total Reward= 603.79 over 1000 steps
Results from episode     29: Total Reward= 562.62 over 1000 steps
Results from episode     30: Total Reward= 458.07 over 1000 steps
Results from episode     31: Total Reward= 585.61 over 1000 steps
Results from episode     32: Total Reward= 388.72 over 661 steps
Results from episode     33: Total Reward= 574.12 over 1000 steps
Results from episode     34: Total Reward= 531.95 over 1000 steps
Results from episode     35: Total Reward= 536.48 over 1000 steps
Results from episode     36: Total Reward= 494.50 over 1000 steps
Results from episode     37: Total Reward= 553.15 over 1000 steps
Results from episode     38: Total Reward= 548.99 over 1000 steps
Results from episode     39: Total Reward= 530.86 over 1000 steps
Results from episode     40: Total Reward= 580.06 over 1000 steps
Results from episode     41: Total Reward= 583.37 over 1000 steps
Results from episode     42: Total Reward= 289.83 over 1000 steps
Results from episode     44: Total Reward= 588.57 over 1000 steps
Results from episode     45: Total Reward= 531.06 over 1000 steps
Results from episode     46: Total Reward= 584.09 over 1000 steps
Results from episode     49: Total Reward= 589.81 over 1000 steps
Results from episode     50: Total Reward= 661.58 over 1000 steps
Results from episode     51: Total Reward= 515.37 over 1000 steps
Results from episode     52: Total Reward= 605.84 over 1000 steps
Results from episode     53: Total Reward= 458.08 over 1000 steps
Results from episode     55: Total Reward= 542.85 over 1000 steps
Results from episode     56: Total Reward= 596.08 over 1000 steps
Results from episode     57: Total Reward= 565.71 over 1000 steps
Results from episode     58: Total Reward= 578.42 over 1000 steps
Results from episode     59: Total Reward= 371.96 over 633 steps
Results from episode     60: Total Reward= 562.98 over 1000 steps
Results from episode     61: Total Reward= 545.95 over 1000 steps
Results from episode     62: Total Reward= 631.14 over 1000 steps
Results from episode     63: Total Reward= 397.94 over 1000 steps
Results from episode     64: Total Reward= 560.46 over 1000 steps
Results from episode     66: Total Reward= 616.87 over 1000 steps
Results from episode     68: Total Reward= 531.09 over 1000 steps
Results from episode     69: Total Reward= 671.64 over 1000 steps
Results from episode     70: Total Reward= 601.51 over 1000 steps
Results from episode     71: Total Reward= 668.66 over 1000 steps
Results from episode     72: Total Reward= 629.51 over 1000 steps
Results from episode     73: Total Reward= 421.54 over 1000 steps
Results from episode     74: Total Reward= 562.50 over 1000 steps
Results from episode     75: Total Reward= 484.34 over 1000 steps
Results from episode     76: Total Reward= 587.61 over 1000 steps
Results from episode     77: Total Reward= 437.38 over 1000 steps
Results from episode     78: Total Reward= 443.34 over 757 steps
Results from episode     79: Total Reward= 544.32 over 1000 steps
Results from episode     80: Total Reward= 576.83 over 1000 steps
Results from episode     81: Total Reward= 628.78 over 1000 steps
Results from episode     83: Total Reward= 534.08 over 1000 steps
Results from episode     84: Total Reward= 659.48 over 1000 steps
Results from episode     85: Total Reward= 658.16 over 1000 steps
Results from episode     86: Total Reward= 552.89 over 1000 steps
Results from episode     87: Total Reward= 553.29 over 1000 steps
Results from episode     88: Total Reward= 597.49 over 1000 steps
Results from episode     89: Total Reward= 680.35 over 1000 steps
Results from episode     90: Total Reward= 566.07 over 1000 steps
Results from episode     91: Total Reward= 508.79 over 1000 steps
Results from episode     93: Total Reward= 571.05 over 1000 steps
Results from episode     94: Total Reward= 675.74 over 1000 steps
Results from episode     95: Total Reward= 627.68 over 1000 steps
Results from episode     96: Total Reward= 609.87 over 1000 steps
Results from episode     97: Total Reward= 568.23 over 1000 steps
Results from episode     98: Total Reward= 397.30 over 1000 steps
Results from episode     99: Total Reward= 634.26 over 1000 steps
Results from episode    100: Total Reward= 530.60 over 1000 steps
Results from episode    101: Total Reward= 595.05 over 1000 steps
Results from episode    102: Total Reward= 617.91 over 1000 steps
Results from episode    103: Total Reward= 639.45 over 1000 steps
Results from episode    104: Total Reward= 553.14 over 1000 steps
Results from episode    105: Total Reward= 559.95 over 1000 steps
Results from episode    106: Total Reward= 529.97 over 1000 steps
Results from episode    108: Total Reward= 634.65 over 1000 steps
Results from episode    109: Total Reward= 681.42 over 1000 steps
Results from episode    110: Total Reward= 711.86 over 1000 steps
Results from episode    111: Total Reward= 568.86 over 1000 steps
Results from episode    112: Total Reward= 537.94 over 1000 steps
Results from episode    113: Total Reward= 643.53 over 1000 steps
Results from episode    114: Total Reward= 638.07 over 1000 steps
Results from episode    115: Total Reward= 625.05 over 1000 steps
Results from episode    116: Total Reward= 620.90 over 1000 steps
Results from episode    117: Total Reward= 608.50 over 1000 steps
Results from episode    118: Total Reward= 392.45 over 645 steps
Results from episode    119: Total Reward= 568.02 over 1000 steps
Results from episode    120: Total Reward= 768.31 over 1000 steps
Results from episode    121: Total Reward= 565.83 over 1000 steps
Results from episode    122: Total Reward= 555.99 over 1000 steps
Results from episode    123: Total Reward= 735.24 over 1000 steps
Results from episode    124: Total Reward= 531.34 over 1000 steps
Results from episode    125: Total Reward= 667.74 over 1000 steps
Results from episode    126: Total Reward= 687.17 over 1000 steps
Results from episode    127: Total Reward= 760.68 over 1000 steps
Results from episode    128: Total Reward= 579.82 over 1000 steps
Results from episode    129: Total Reward= 510.30 over 1000 steps
Results from episode    130: Total Reward= 704.68 over 1000 steps
Results from episode    131: Total Reward= 463.45 over 1000 steps
Results from episode    132: Total Reward= 578.41 over 1000 steps
Results from episode    133: Total Reward= 539.01 over 1000 steps
Results from episode    134: Total Reward= 609.58 over 1000 steps
Results from episode    135: Total Reward= 612.12 over 1000 steps
Results from episode    136: Total Reward= 595.13 over 1000 steps
Results from episode    137: Total Reward= 563.94 over 1000 steps
Results from episode    138: Total Reward= 570.04 over 1000 steps
Results from episode    139: Total Reward= 619.06 over 1000 steps
Results from episode    140: Total Reward= 672.64 over 1000 steps
Results from episode    141: Total Reward= 702.05 over 1000 steps
Results from episode    142: Total Reward= 712.48 over 1000 steps
Results from episode    143: Total Reward= 727.76 over 1000 steps
Results from episode    145: Total Reward= 727.55 over 1000 steps
Results from episode    146: Total Reward= 723.72 over 1000 steps
Results from episode    147: Total Reward= 537.82 over 1000 steps
Results from episode    148: Total Reward= 743.69 over 1000 steps
Results from episode    149: Total Reward= 670.83 over 1000 steps
Results from episode    150: Total Reward= 730.85 over 1000 steps
Results from episode    151: Total Reward= 487.60 over 705 steps
Results from episode    152: Total Reward= 589.27 over 1000 steps
Results from episode    153: Total Reward= 620.79 over 1000 steps
Results from episode    154: Total Reward= 579.80 over 1000 steps
Results from episode    155: Total Reward= 745.21 over 1000 steps
Results from episode    157: Total Reward= 730.92 over 1000 steps
Results from episode    158: Total Reward= 683.13 over 1000 steps
Results from episode    159: Total Reward= 740.16 over 1000 steps
Results from episode    160: Total Reward= 637.25 over 1000 steps
Results from episode    161: Total Reward= 606.05 over 1000 steps
Results from episode    162: Total Reward= 617.39 over 1000 steps
Results from episode    163: Total Reward= 646.85 over 1000 steps
Results from episode    164: Total Reward= 556.08 over 1000 steps
Results from episode    165: Total Reward= 743.27 over 1000 steps
Results from episode    166: Total Reward= 566.95 over 1000 steps
Results from episode    167: Total Reward= 692.58 over 1000 steps
Results from episode    168: Total Reward= 574.03 over 1000 steps
Results from episode    169: Total Reward= 709.26 over 1000 steps
Results from episode    170: Total Reward= 723.97 over 1000 steps
Results from episode    171: Total Reward= 583.39 over 1000 steps
Results from episode    172: Total Reward= 716.36 over 1000 steps
Results from episode    173: Total Reward= 715.35 over 1000 steps
Results from episode    174: Total Reward= 754.52 over 1000 steps
Results from episode    175: Total Reward= 449.30 over 1000 steps
Results from episode    176: Total Reward= 705.65 over 1000 steps
Results from episode    177: Total Reward= 442.04 over 699 steps
Results from episode    178: Total Reward= 798.22 over 1000 steps
Results from episode    179: Total Reward= 628.56 over 1000 steps
Results from episode    181: Total Reward= 584.31 over 1000 steps
Results from episode    182: Total Reward= 800.39 over 1000 steps

 WE HAVE CLEARED THE HURDLE!!

Results from episode    183: Total Reward= 780.79 over 1000 steps
Results from episode    184: Total Reward= 733.75 over 1000 steps
Results from episode    185: Total Reward= 773.04 over 1000 steps
Results from episode    186: Total Reward= 720.46 over 1000 steps
Results from episode    187: Total Reward= 685.65 over 1000 steps
Results from episode    188: Total Reward= 760.03 over 1000 steps
Results from episode    189: Total Reward= 561.29 over 1000 steps
Results from episode    190: Total Reward= 738.52 over 1000 steps
Results from episode    191: Total Reward= 706.71 over 1000 steps
Results from episode    192: Total Reward= 715.76 over 1000 steps
Results from episode    193: Total Reward= 753.54 over 1000 steps
Results from episode    194: Total Reward= 602.52 over 1000 steps
Results from episode    195: Total Reward= 750.91 over 1000 steps
Results from episode    196: Total Reward= 614.70 over 1000 steps
Results from episode    197: Total Reward= 768.43 over 1000 steps
Results from episode    200: Total Reward= 604.04 over 1000 steps
Results from episode    201: Total Reward= 764.17 over 1000 steps
Results from episode    202: Total Reward= 798.87 over 1000 steps
Results from episode    203: Total Reward= 695.53 over 1000 steps
Results from episode    204: Total Reward= 633.10 over 1000 steps
Results from episode    205: Total Reward= 754.97 over 1000 steps
Results from episode    206: Total Reward= 694.26 over 1000 steps
Results from episode    207: Total Reward= 711.71 over 1000 steps
Results from episode    208: Total Reward= 534.59 over 950 steps
Results from episode    209: Total Reward= 664.83 over 1000 steps
Results from episode    210: Total Reward= 695.29 over 1000 steps
Results from episode    211: Total Reward= 786.94 over 1000 steps
Results from episode    212: Total Reward= 763.55 over 1000 steps
Results from episode    213: Total Reward= 751.64 over 1000 steps
Results from episode    214: Total Reward= 762.28 over 1000 steps
Results from episode    215: Total Reward= 768.36 over 1000 steps
Results from episode    216: Total Reward= 739.99 over 1000 steps
Results from episode    217: Total Reward= 738.06 over 1000 steps
Results from episode    218: Total Reward= 783.08 over 1000 steps
Results from episode    219: Total Reward= 739.68 over 1000 steps
Results from episode    220: Total Reward= 770.29 over 1000 steps
Results from episode    221: Total Reward= 711.96 over 1000 steps
Results from episode    222: Total Reward= 609.05 over 1000 steps
Results from episode    223: Total Reward= 691.63 over 1000 steps
Results from episode    224: Total Reward= 738.01 over 1000 steps
Results from episode    225: Total Reward= 762.54 over 1000 steps
Results from episode    226: Total Reward= 751.00 over 1000 steps
Results from episode    227: Total Reward= 787.63 over 1000 steps
Results from episode    228: Total Reward= 736.87 over 1000 steps
Results from episode    229: Total Reward= 608.09 over 1000 steps
Results from episode    230: Total Reward= 676.11 over 1000 steps
Results from episode    231: Total Reward= 743.26 over 1000 steps
Results from episode    232: Total Reward= 748.69 over 1000 steps
Results from episode    233: Total Reward= 731.23 over 1000 steps
Results from episode    234: Total Reward= 767.70 over 1000 steps
Results from episode    235: Total Reward= 730.38 over 1000 steps
Results from episode    236: Total Reward= 767.11 over 1000 steps
Results from episode    237: Total Reward= 646.12 over 1000 steps
Results from episode    238: Total Reward= 673.67 over 1000 steps
Results from episode    239: Total Reward= 705.56 over 1000 steps
Results from episode    240: Total Reward= 746.55 over 1000 steps
Results from episode    241: Total Reward= 751.31 over 1000 steps
Results from episode    242: Total Reward= 732.70 over 1000 steps
Results from episode    243: Total Reward= 752.12 over 1000 steps
Results from episode    244: Total Reward= 725.50 over 1000 steps
Results from episode    245: Total Reward= 706.97 over 1000 steps
Results from episode    246: Total Reward= 748.59 over 1000 steps
Results from episode    247: Total Reward= 655.13 over 1000 steps
Results from episode    248: Total Reward= 757.97 over 1000 steps
Results from episode    249: Total Reward= 673.22 over 1000 steps
Results from episode    250: Total Reward= 682.59 over 1000 steps
Results from episode    251: Total Reward= 688.61 over 1000 steps
Results from episode    252: Total Reward= 727.00 over 1000 steps
Results from episode    253: Total Reward= 741.16 over 1000 steps
Results from episode    254: Total Reward= 726.26 over 1000 steps
Results from episode    255: Total Reward= 689.01 over 1000 steps
Results from episode    256: Total Reward= 716.78 over 1000 steps
Results from episode    257: Total Reward= 687.24 over 1000 steps
Results from episode    258: Total Reward= 637.68 over 1000 steps
Results from episode    259: Total Reward= 722.71 over 1000 steps
Results from episode    260: Total Reward= 718.93 over 1000 steps
Results from episode    261: Total Reward= 682.39 over 1000 steps
Results from episode    262: Total Reward= 750.64 over 1000 steps
Results from episode    263: Total Reward= 665.52 over 1000 steps
Results from episode    264: Total Reward= 772.49 over 1000 steps
Results from episode    265: Total Reward= 775.46 over 1000 steps
Results from episode    266: Total Reward= 786.40 over 1000 steps
Results from episode    267: Total Reward= 733.67 over 1000 steps
Results from episode    268: Total Reward= 608.71 over 1000 steps
Results from episode    269: Total Reward= 725.84 over 1000 steps
Results from episode    270: Total Reward= 325.86 over 595 steps
Results from episode    271: Total Reward= 737.92 over 1000 steps
Results from episode    272: Total Reward= 687.61 over 1000 steps
Results from episode    273: Total Reward= 613.03 over 1000 steps
Results from episode    274: Total Reward= 724.26 over 1000 steps
Results from episode    275: Total Reward= 745.91 over 1000 steps
Results from episode    276: Total Reward= 757.97 over 1000 steps
Results from episode    277: Total Reward= 736.70 over 1000 steps
Results from episode    278: Total Reward= 683.17 over 1000 steps
Results from episode    279: Total Reward= 732.13 over 1000 steps
Results from episode    280: Total Reward= 685.47 over 1000 steps
Results from episode    281: Total Reward= 792.04 over 1000 steps
Results from episode    282: Total Reward= 750.43 over 1000 steps
Results from episode    283: Total Reward= 735.89 over 1000 steps
Results from episode    284: Total Reward= 701.72 over 1000 steps
Results from episode    285: Total Reward= 686.82 over 1000 steps
Results from episode    286: Total Reward= 696.32 over 1000 steps
Results from episode    287: Total Reward= 596.68 over 1000 steps
Results from episode    288: Total Reward= 740.40 over 1000 steps
Results from episode    289: Total Reward= 707.56 over 1000 steps
Results from episode    290: Total Reward= 718.62 over 1000 steps
Results from episode    291: Total Reward= 627.47 over 1000 steps
Results from episode    292: Total Reward= 667.29 over 1000 steps
Results from episode    293: Total Reward= 702.13 over 1000 steps
Results from episode    294: Total Reward= 703.76 over 1000 steps
Results from episode    295: Total Reward= 667.54 over 1000 steps
Results from episode    296: Total Reward= 749.46 over 1000 steps
Results from episode    297: Total Reward= 773.62 over 1000 steps
Results from episode    298: Total Reward= 672.58 over 1000 steps
Results from episode    299: Total Reward= 716.37 over 1000 steps
Results from episode    300: Total Reward= 687.72 over 1000 steps
Results from episode    301: Total Reward= 728.41 over 1000 steps
Results from episode    302: Total Reward= 665.97 over 1000 steps
Results from episode    303: Total Reward= 626.47 over 1000 steps
Results from episode    304: Total Reward= 684.30 over 1000 steps
Results from episode    305: Total Reward= 700.22 over 1000 steps
Results from episode    306: Total Reward= 790.08 over 1000 steps
Results from episode    307: Total Reward= 703.39 over 1000 steps
Results from episode    308: Total Reward= 750.39 over 1000 steps
Results from episode    309: Total Reward= 759.69 over 1000 steps
Results from episode    310: Total Reward= 670.67 over 1000 steps
Results from episode    311: Total Reward= 686.67 over 1000 steps
Results from episode    312: Total Reward= 682.71 over 1000 steps
Results from episode    313: Total Reward= 674.68 over 1000 steps
Results from episode    314: Total Reward= 706.73 over 1000 steps
Results from episode    315: Total Reward= 684.70 over 1000 steps
Results from episode    316: Total Reward= 631.68 over 1000 steps
Results from episode    317: Total Reward= 642.24 over 1000 steps
Results from episode    318: Total Reward= 587.72 over 1000 steps
Results from episode    319: Total Reward= 452.02 over 758 steps
Results from episode    320: Total Reward= 781.92 over 1000 steps
Results from episode    321: Total Reward= 788.21 over 1000 steps
Results from episode    322: Total Reward= 306.24 over 608 steps
Results from episode    323: Total Reward= 698.33 over 1000 steps
Results from episode    324: Total Reward= 820.86 over 1000 steps
Results from episode    325: Total Reward= 660.01 over 1000 steps
Results from episode    326: Total Reward= 805.07 over 1000 steps
Results from episode    327: Total Reward= 827.00 over 1000 steps
Results from episode    328: Total Reward= 775.12 over 1000 steps
Results from episode    329: Total Reward= 659.01 over 1000 steps
Results from episode    330: Total Reward= 710.08 over 1000 steps
Results from episode    331: Total Reward= 666.38 over 1000 steps
Results from episode    332: Total Reward= 784.64 over 1000 steps
Results from episode    333: Total Reward= 691.24 over 1000 steps
Results from episode    334: Total Reward= 630.00 over 1000 steps
Results from episode    335: Total Reward= 768.12 over 1000 steps
Results from episode    336: Total Reward= 630.80 over 1000 steps
Results from episode    337: Total Reward= 565.98 over 1000 steps
Results from episode    338: Total Reward= 760.88 over 1000 steps
Results from episode    339: Total Reward= 638.91 over 1000 steps
Results from episode    340: Total Reward= 701.48 over 1000 steps
Results from episode    341: Total Reward= 778.81 over 1000 steps
Results from episode    342: Total Reward= 636.84 over 1000 steps
Results from episode    343: Total Reward= 723.87 over 1000 steps
Results from episode    344: Total Reward= 623.64 over 1000 steps
Results from episode    345: Total Reward= 613.17 over 1000 steps
Results from episode    346: Total Reward= 643.46 over 902 steps
Results from episode    347: Total Reward= 812.65 over 1000 steps
Results from episode    348: Total Reward= 732.38 over 1000 steps
Results from episode    349: Total Reward= 800.00 over 1000 steps
Results from episode    350: Total Reward= 798.02 over 1000 steps
Results from episode    351: Total Reward= 594.17 over 1000 steps
Results from episode    352: Total Reward= 317.15 over 567 steps
Results from episode    353: Total Reward= 593.43 over 1000 steps
Results from episode    354: Total Reward= 790.08 over 1000 steps
Results from episode    355: Total Reward= 722.95 over 1000 steps
Results from episode    356: Total Reward= 608.78 over 1000 steps
Results from episode    357: Total Reward= 821.80 over 1000 steps
Results from episode    359: Total Reward= 715.89 over 1000 steps
Results from episode    360: Total Reward= 734.86 over 1000 steps
Results from episode    361: Total Reward= 588.50 over 1000 steps
Results from episode    362: Total Reward= 802.51 over 1000 steps
Results from episode    363: Total Reward= 609.32 over 1000 steps
Results from episode    364: Total Reward= 695.16 over 1000 steps
Results from episode    365: Total Reward= 535.09 over 1000 steps
Results from episode    366: Total Reward= 762.66 over 1000 steps
Results from episode    368: Total Reward= 681.96 over 1000 steps
Results from episode    369: Total Reward= 593.27 over 1000 steps
Results from episode    370: Total Reward= 578.37 over 1000 steps
Results from episode    377: Total Reward= 652.62 over 1000 steps
Results from episode    379: Total Reward= 592.22 over 1000 steps
Results from episode    380: Total Reward= 652.85 over 1000 steps
Results from episode    381: Total Reward= 684.94 over 1000 steps
Results from episode    382: Total Reward= 602.14 over 1000 steps
Results from episode    383: Total Reward= 692.35 over 1000 steps
Results from episode    384: Total Reward= 824.90 over 1000 steps
Results from episode    385: Total Reward= 684.91 over 1000 steps
Results from episode    386: Total Reward= 827.49 over 1000 steps
Results from episode    388: Total Reward= 606.93 over 1000 steps
Results from episode    389: Total Reward= 744.99 over 1000 steps
Results from episode    391: Total Reward= 619.29 over 1000 steps
Results from episode    392: Total Reward= 735.05 over 1000 steps
Results from episode    395: Total Reward= 581.54 over 1000 steps
Results from episode    396: Total Reward= 591.57 over 1000 steps
Results from episode    397: Total Reward= 654.15 over 1000 steps
Results from episode    399: Total Reward= 607.99 over 1000 steps
Results from episode    402: Total Reward= 834.11 over 1000 steps
Results from episode    403: Total Reward= 802.23 over 1000 steps
Results from episode    406: Total Reward= 691.64 over 1000 steps
Results from episode    407: Total Reward= 588.20 over 1000 steps
Results from episode    408: Total Reward= 640.72 over 1000 steps
Results from episode    409: Total Reward= 687.29 over 1000 steps
Results from episode    410: Total Reward= 378.34 over 564 steps
Results from episode    411: Total Reward= 461.41 over 845 steps
Results from episode    414: Total Reward= 605.94 over 1000 steps
Results from episode    417: Total Reward= 639.53 over 1000 steps
Results from episode    420: Total Reward= 573.99 over 1000 steps
Results from episode    422: Total Reward= 583.41 over 1000 steps
Results from episode    423: Total Reward= 577.29 over 1000 steps
Results from episode    427: Total Reward= 251.84 over 506 steps
Results from episode    428: Total Reward= 589.50 over 1000 steps
Results from episode    431: Total Reward= 489.62 over 1000 steps
Results from episode    437: Total Reward= 665.71 over 1000 steps
Results from episode    440: Total Reward= 575.68 over 1000 steps
Results from episode    441: Total Reward= 595.73 over 1000 steps
Results from episode    444: Total Reward= 597.27 over 1000 steps
Results from episode    445: Total Reward= 528.21 over 1000 steps
Results from episode    446: Total Reward= 745.00 over 1000 steps
Results from episode    452: Total Reward= 557.35 over 1000 steps
Results from episode    453: Total Reward= 299.26 over 515 steps
Results from episode    462: Total Reward= 759.71 over 1000 steps
Results from episode    466: Total Reward= 489.83 over 1000 steps
Results from episode    469: Total Reward= 567.32 over 1000 steps
Results from episode    479: Total Reward= 588.64 over 1000 steps
Results from episode    482: Total Reward= 598.62 over 1000 steps
Results from episode    484: Total Reward= 596.36 over 1000 steps
Results from episode    488: Total Reward= 618.92 over 1000 steps
Results from episode    489: Total Reward= 587.93 over 898 steps
Results from episode    490: Total Reward= 600.89 over 1000 steps
Results from episode    491: Total Reward= 541.90 over 1000 steps
Results from episode    492: Total Reward= 628.98 over 1000 steps
Results from episode    493: Total Reward= 696.38 over 1000 steps
Results from episode    498: Total Reward= 867.82 over 1000 steps
Results from episode    500: Total Reward= 618.58 over 1000 steps
Results from episode    505: Total Reward= 626.08 over 1000 steps
Results from episode    511: Total Reward= 647.61 over 1000 steps
Results from episode    514: Total Reward= 823.94 over 1000 steps
Results from episode    517: Total Reward= 716.78 over 1000 steps
Results from episode    524: Total Reward= 608.67 over 1000 steps
Results from episode    536: Total Reward= 602.75 over 1000 steps
Results from episode    537: Total Reward= 595.75 over 1000 steps
Results from episode    542: Total Reward= 610.43 over 1000 steps
Results from episode    558: Total Reward= 322.77 over 596 steps
Results from episode    570: Total Reward= 599.00 over 1000 steps
Results from episode    573: Total Reward= 666.70 over 1000 steps
Results from episode    576: Total Reward= 597.67 over 1000 steps
Results from episode    584: Total Reward= 662.23 over 1000 steps
Results from episode    591: Total Reward= 673.71 over 1000 steps
Results from episode    621: Total Reward= 585.40 over 1000 steps
Results from episode    636: Total Reward= 593.57 over 1000 steps
Results from episode    658: Total Reward= 627.60 over 1000 steps
Results from episode    666: Total Reward= 321.20 over 653 steps
Results from episode    676: Total Reward= 685.11 over 1000 steps
Results from episode    689: Total Reward= 601.29 over 1000 steps
Results from episode    715: Total Reward= 688.80 over 1000 steps
Results from episode    777: Total Reward= 718.27 over 1000 steps
Results from episode   1000: Total Reward=   9.41 over  20 steps
Results from episode   2000: Total Reward=   9.60 over  20 steps
Results from episode   3000: Total Reward=   9.72 over  20 steps
Results from episode   4000: Total Reward=   9.92 over  20 steps
Results from episode   5000: Total Reward=   9.90 over  20 steps
Results from episode   6000: Total Reward=   9.93 over  20 steps
Results from episode   7000: Total Reward=   9.92 over  20 steps
Results from episode   8000: Total Reward=   9.92 over  20 steps
Results from episode   9000: Total Reward=   9.93 over  20 steps
Results from episode  10000: Total Reward=   9.98 over  20 steps
Results from episode  11000: Total Reward=   9.94 over  20 steps
Results from episode  12000: Total Reward=   9.98 over  20 steps
Results from episode  13000: Total Reward=   9.97 over  20 steps
Results from episode  14000: Total Reward=   9.97 over  20 steps
Results from episode  15000: Total Reward=   9.98 over  20 steps
Results from episode  16000: Total Reward=   9.98 over  20 steps
Results from episode  17000: Total Reward=   9.96 over  20 steps
Results from episode  18000: Total Reward=   9.98 over  20 steps
Results from episode  19000: Total Reward=   9.99 over  20 steps
Results from episode  20000: Total Reward=   9.98 over  20 steps
Results from episode  21000: Total Reward=   9.98 over  20 steps
Results from episode  22000: Total Reward=   9.98 over  20 steps
Results from episode  23000: Total Reward=   9.98 over  20 steps
Results from episode  24000: Total Reward=   9.98 over  20 steps
Results from episode  25000: Total Reward=   9.98 over  20 steps
Results from episode  26000: Total Reward=   9.98 over  20 steps
Results from episode  27000: Total Reward=   9.99 over  20 steps
Results from episode  28000: Total Reward=   9.99 over  20 steps
Results from episode  29000: Total Reward=   9.99 over  20 steps
Results from episode  30000: Total Reward=   9.98 over  20 steps
Results from episode  31000: Total Reward=   9.98 over  20 steps
Results from episode  32000: Total Reward=   9.99 over  20 steps
Results from episode  33000: Total Reward=   9.98 over  20 steps
Results from episode  34000: Total Reward=   9.98 over  20 steps
Results from episode  35000: Total Reward=   9.98 over  20 steps
Results from episode  36000: Total Reward=   9.99 over  20 steps
Results from episode  37000: Total Reward=   9.99 over  20 steps
Results from episode  38000: Total Reward=   9.99 over  20 steps
Results from episode  39000: Total Reward=  10.00 over  20 steps
Results from episode  40000: Total Reward=   9.98 over  20 steps
Results from episode  41000: Total Reward=   9.98 over  20 steps
Results from episode  42000: Total Reward=   9.98 over  20 steps
Results from episode  43000: Total Reward=   9.99 over  20 steps
Results from episode  44000: Total Reward=   9.99 over  20 steps
Results from episode  45000: Total Reward=   9.99 over  20 steps
Results from episode  46000: Total Reward=   9.98 over  20 steps
Results from episode  47000: Total Reward=   9.98 over  20 steps
Results from episode  48000: Total Reward=   9.99 over  20 steps
Results from episode  49000: Total Reward=   9.99 over  20 steps
Results from episode  50000: Total Reward=  10.00 over  20 steps
Results from episode  51000: Total Reward=   9.98 over  20 steps
Results from episode  52000: Total Reward=   9.99 over  20 steps
Results from episode  53000: Total Reward=  10.00 over  20 steps
Results from episode  54000: Total Reward=   9.99 over  20 steps
Results from episode  55000: Total Reward=   9.99 over  20 steps
Results from episode  56000: Total Reward=   9.99 over  20 steps
Results from episode  57000: Total Reward=   9.99 over  20 steps
Results from episode  58000: Total Reward=   9.99 over  20 steps
Results from episode  59000: Total Reward=   9.99 over  20 steps
Results from episode  60000: Total Reward=   9.99 over  20 steps
Results from episode  61000: Total Reward=   9.99 over  20 steps
Results from episode  62000: Total Reward=   9.99 over  20 steps
Results from episode  63000: Total Reward=   9.99 over  20 steps
Results from episode  64000: Total Reward=  10.00 over  20 steps
Results from episode  65000: Total Reward=   9.99 over  20 steps
Results from episode  66000: Total Reward=   9.98 over  20 steps
Results from episode  67000: Total Reward=   9.99 over  20 steps
Results from episode  68000: Total Reward=   9.99 over  20 steps
Results from episode  69000: Total Reward=   9.98 over  20 steps
Results from episode  70000: Total Reward=   9.99 over  20 steps
Results from episode  71000: Total Reward=   9.99 over  20 steps
Results from episode  72000: Total Reward=   9.99 over  20 steps
Results from episode  73000: Total Reward=   9.99 over  20 steps
Results from episode  74000: Total Reward=   9.99 over  20 steps
Results from episode  75000: Total Reward=  10.00 over  20 steps
Results from episode  76000: Total Reward=   9.99 over  20 steps
Results from episode  77000: Total Reward=   9.99 over  20 steps
Results from episode  78000: Total Reward=   9.99 over  20 steps
Results from episode  79000: Total Reward=   9.99 over  20 steps
Results from episode  80000: Total Reward=  10.00 over  20 steps
Results from episode  81000: Total Reward=   9.99 over  20 steps
Results from episode  82000: Total Reward=   9.99 over  20 steps
Results from episode  83000: Total Reward=   9.99 over  20 steps
Results from episode  84000: Total Reward=   9.99 over  20 steps
Results from episode  85000: Total Reward=  10.00 over  20 steps
Results from episode  86000: Total Reward=   9.99 over  20 steps
Results from episode  87000: Total Reward=   9.99 over  20 steps
Results from episode  88000: Total Reward=   9.99 over  20 steps
Results from episode  89000: Total Reward=   9.97 over  20 steps
Results from episode  90000: Total Reward=   9.85 over  20 steps
Results from episode  91000: Total Reward=   9.77 over  20 steps
Results from episode  92000: Total Reward=  11.42 over  23 steps
Results from episode  93000: Total Reward=   9.94 over  20 steps
Results from episode  94000: Total Reward=   9.92 over  20 steps
Results from episode  95000: Total Reward=   9.98 over  20 steps
Results from episode  96000: Total Reward=   9.96 over  20 steps
Results from episode  97000: Total Reward=   9.98 over  20 steps
Results from episode  98000: Total Reward=   9.99 over  20 steps
Results from episode  99000: Total Reward=   9.98 over  20 steps
Results from episode 100000: Total Reward=   9.98 over  20 steps

