current_dir=/home/ec2-user/anaconda3/envs/tensorflow_p36/lib/python3.6/site-packages/pybullet_envs/bullet
WalkerBase::__init__
Agent Initialized
Beginning training...

options= 
Results from episode      1: Total Reward= 217.23 over 540 steps
Results from episode      2: Total Reward= 314.51 over 1000 steps
Results from episode      3: Total Reward= 240.15 over 619 steps
Results from episode      4: Total Reward= 344.64 over 1000 steps
Results from episode      7: Total Reward= 254.89 over 690 steps
Results from episode      8: Total Reward= 323.92 over 604 steps
Results from episode     11: Total Reward= 333.47 over 977 steps
Results from episode     13: Total Reward= 437.11 over 1000 steps
Results from episode     14: Total Reward= 395.99 over 1000 steps
Results from episode     15: Total Reward= 352.12 over 1000 steps
Results from episode     16: Total Reward= 398.95 over 1000 steps
Results from episode     18: Total Reward= 327.59 over 1000 steps
Results from episode     19: Total Reward= 386.05 over 1000 steps
Results from episode     20: Total Reward= 349.87 over 1000 steps
Results from episode     23: Total Reward= 314.25 over 1000 steps
Results from episode     26: Total Reward= 394.07 over 1000 steps
Results from episode     29: Total Reward= 330.51 over 1000 steps
Results from episode     30: Total Reward= 263.46 over 658 steps
Results from episode     31: Total Reward= 388.33 over 1000 steps
Results from episode     32: Total Reward= 169.82 over 560 steps
Results from episode     34: Total Reward= 389.04 over 1000 steps
Results from episode     35: Total Reward= 419.49 over 1000 steps
Results from episode     36: Total Reward= 379.34 over 1000 steps
Results from episode     37: Total Reward= 459.25 over 1000 steps
Results from episode     38: Total Reward= 508.21 over 1000 steps
Results from episode     39: Total Reward= 423.94 over 1000 steps
Results from episode     40: Total Reward= 456.24 over 1000 steps
Results from episode     42: Total Reward= 356.88 over 1000 steps
Results from episode     44: Total Reward= 322.78 over 950 steps
Results from episode     46: Total Reward= 413.72 over 1000 steps
Results from episode     47: Total Reward= 339.30 over 635 steps
Results from episode     48: Total Reward= 344.91 over 831 steps
Results from episode     49: Total Reward= 316.92 over 1000 steps
Results from episode     51: Total Reward= 536.08 over 1000 steps
Results from episode     54: Total Reward= 447.87 over 1000 steps
Results from episode     55: Total Reward= 415.11 over 1000 steps
Results from episode     56: Total Reward= 376.88 over 1000 steps
Results from episode     57: Total Reward= 464.06 over 1000 steps
Results from episode     58: Total Reward= 396.91 over 1000 steps
Results from episode     59: Total Reward= 231.90 over 599 steps
Results from episode     62: Total Reward= 206.80 over 574 steps
Results from episode     63: Total Reward= 330.06 over 852 steps
Results from episode     66: Total Reward= 268.75 over 904 steps
Results from episode     69: Total Reward= 499.75 over 1000 steps
Results from episode     72: Total Reward= 420.40 over 1000 steps
Results from episode     74: Total Reward= 386.15 over 1000 steps
Results from episode     76: Total Reward= 424.96 over 1000 steps
Results from episode     78: Total Reward= 554.10 over 1000 steps
Results from episode     80: Total Reward= 284.00 over 1000 steps
Results from episode     81: Total Reward= 436.54 over 1000 steps
Results from episode     84: Total Reward= 448.40 over 1000 steps
Results from episode     89: Total Reward= 344.09 over 897 steps
Results from episode     90: Total Reward= 382.64 over 1000 steps
Results from episode     91: Total Reward= 332.49 over 839 steps
Results from episode     92: Total Reward= 436.95 over 1000 steps
Results from episode     95: Total Reward= 294.11 over 1000 steps
Results from episode     97: Total Reward= 433.73 over 1000 steps
Results from episode    100: Total Reward= 434.98 over 1000 steps
Results from episode    101: Total Reward= 336.85 over 794 steps
Results from episode    105: Total Reward= 184.32 over 599 steps
Results from episode    106: Total Reward= 500.54 over 1000 steps
Results from episode    108: Total Reward= 388.03 over 1000 steps
Results from episode    110: Total Reward= 425.74 over 1000 steps
Results from episode    111: Total Reward= 377.47 over 1000 steps
Results from episode    113: Total Reward= 496.23 over 1000 steps
Results from episode    114: Total Reward= 421.62 over 1000 steps
Results from episode    115: Total Reward= 252.26 over 1000 steps
Results from episode    117: Total Reward= 411.45 over 1000 steps
Results from episode    118: Total Reward= 316.76 over 739 steps
Results from episode    120: Total Reward= 232.00 over 1000 steps
Results from episode    121: Total Reward= 411.26 over 1000 steps
Results from episode    123: Total Reward= 442.84 over 1000 steps
Results from episode    125: Total Reward= 364.95 over 676 steps
Results from episode    126: Total Reward= 423.61 over 1000 steps
Results from episode    127: Total Reward= 247.47 over 646 steps
Results from episode    130: Total Reward= 294.90 over 940 steps
Results from episode    132: Total Reward= 234.98 over 1000 steps
Results from episode    134: Total Reward= 423.88 over 1000 steps
Results from episode    139: Total Reward= 446.22 over 1000 steps
Results from episode    142: Total Reward= 433.73 over 1000 steps
Results from episode    144: Total Reward= 355.97 over 755 steps
Results from episode    145: Total Reward= 299.64 over 1000 steps
Results from episode    147: Total Reward= 511.66 over 1000 steps
Results from episode    151: Total Reward= 388.34 over 1000 steps
Results from episode    152: Total Reward= 476.92 over 1000 steps
Results from episode    153: Total Reward= 482.53 over 1000 steps
Results from episode    157: Total Reward= 399.62 over 1000 steps
Results from episode    158: Total Reward= 316.36 over 1000 steps
Results from episode    160: Total Reward= 488.59 over 1000 steps
Results from episode    161: Total Reward= 472.54 over 1000 steps
Results from episode    163: Total Reward= 453.08 over 1000 steps
Results from episode    167: Total Reward= 206.35 over 660 steps
Results from episode    169: Total Reward= 378.31 over 1000 steps
Results from episode    170: Total Reward= 479.92 over 1000 steps
Results from episode    172: Total Reward= 475.10 over 1000 steps
Results from episode    173: Total Reward= 509.08 over 1000 steps
Results from episode    174: Total Reward= 487.94 over 1000 steps
Results from episode    175: Total Reward= 411.14 over 1000 steps
Results from episode    176: Total Reward= 434.18 over 1000 steps
Results from episode    177: Total Reward= 417.50 over 1000 steps
Results from episode    178: Total Reward= 232.05 over 549 steps
Results from episode    179: Total Reward= 406.33 over 1000 steps
Results from episode    181: Total Reward= 489.72 over 1000 steps
Results from episode    184: Total Reward= 431.55 over 1000 steps
Results from episode    185: Total Reward= 465.34 over 1000 steps
Results from episode    186: Total Reward= 232.47 over 1000 steps
Results from episode    187: Total Reward= 284.82 over 1000 steps
Results from episode    189: Total Reward= 308.09 over 555 steps
Results from episode    191: Total Reward= 211.86 over 1000 steps
Results from episode    193: Total Reward= 458.96 over 1000 steps
Results from episode    194: Total Reward= 440.11 over 1000 steps
Results from episode    196: Total Reward= 459.68 over 1000 steps
Results from episode    201: Total Reward= 493.48 over 1000 steps
Results from episode    202: Total Reward= 476.19 over 1000 steps
Results from episode    203: Total Reward= 426.15 over 1000 steps
Results from episode    204: Total Reward= 491.48 over 1000 steps
Results from episode    205: Total Reward= 512.31 over 1000 steps
Results from episode    206: Total Reward= 246.95 over 1000 steps
Results from episode    208: Total Reward= 539.02 over 1000 steps
Results from episode    210: Total Reward= 449.81 over 1000 steps
Results from episode    211: Total Reward= 267.56 over 584 steps
Results from episode    212: Total Reward= 469.00 over 1000 steps
Results from episode    214: Total Reward= 460.44 over 1000 steps
Results from episode    215: Total Reward= 495.50 over 1000 steps
Results from episode    216: Total Reward= 476.42 over 1000 steps
Results from episode    218: Total Reward= 220.46 over 523 steps
Results from episode    220: Total Reward= 342.08 over 1000 steps
Results from episode    221: Total Reward= 265.41 over 1000 steps
Results from episode    224: Total Reward= 515.93 over 1000 steps
Results from episode    225: Total Reward= 484.47 over 1000 steps
Results from episode    227: Total Reward= 385.19 over 703 steps
Results from episode    228: Total Reward= 503.95 over 1000 steps
Results from episode    231: Total Reward= 275.08 over 1000 steps
Results from episode    233: Total Reward= 452.80 over 1000 steps
Results from episode    234: Total Reward= 408.50 over 1000 steps
Results from episode    235: Total Reward= 486.87 over 1000 steps
Results from episode    236: Total Reward= 518.87 over 1000 steps
Results from episode    237: Total Reward= 452.28 over 1000 steps
Results from episode    239: Total Reward= 525.09 over 1000 steps
Results from episode    241: Total Reward= 386.24 over 1000 steps
Results from episode    242: Total Reward= 211.25 over 1000 steps
Results from episode    244: Total Reward= 486.06 over 1000 steps
Results from episode    245: Total Reward= 529.21 over 1000 steps
Results from episode    246: Total Reward= 288.19 over 1000 steps
Results from episode    247: Total Reward= 384.34 over 1000 steps
Results from episode    248: Total Reward= 437.49 over 1000 steps
Results from episode    249: Total Reward= 462.53 over 1000 steps
Results from episode    250: Total Reward= 300.11 over 656 steps
Results from episode    252: Total Reward= 387.44 over 1000 steps
Results from episode    255: Total Reward= 450.97 over 1000 steps
Results from episode    257: Total Reward= 383.18 over 718 steps
Results from episode    258: Total Reward= 293.55 over 556 steps
Results from episode    260: Total Reward= 231.73 over 1000 steps
Results from episode    262: Total Reward= 475.95 over 814 steps
Results from episode    264: Total Reward= 557.58 over 1000 steps
Results from episode    265: Total Reward= 390.39 over 723 steps
Results from episode    267: Total Reward= 437.02 over 1000 steps
Results from episode    268: Total Reward= 484.68 over 1000 steps
Results from episode    270: Total Reward= 383.51 over 1000 steps
Results from episode    271: Total Reward= 497.15 over 1000 steps
Results from episode    273: Total Reward= 515.49 over 1000 steps
Results from episode    274: Total Reward= 582.55 over 1000 steps
Results from episode    275: Total Reward= 410.32 over 907 steps
Results from episode    276: Total Reward= 339.91 over 1000 steps
Results from episode    279: Total Reward= 353.39 over 1000 steps
Results from episode    280: Total Reward= 453.31 over 1000 steps
Results from episode    281: Total Reward= 396.74 over 1000 steps
Results from episode    282: Total Reward= 525.34 over 1000 steps
Results from episode    283: Total Reward= 482.76 over 1000 steps
Results from episode    284: Total Reward= 488.92 over 1000 steps
Results from episode    287: Total Reward= 362.12 over 1000 steps
Results from episode    289: Total Reward= 248.12 over 1000 steps
Results from episode    291: Total Reward= 505.01 over 1000 steps
Results from episode    295: Total Reward= 394.47 over 1000 steps
Results from episode    296: Total Reward= 250.65 over 1000 steps
Results from episode    297: Total Reward= 527.17 over 1000 steps
Results from episode    298: Total Reward= 282.64 over 533 steps
Results from episode    299: Total Reward= 525.80 over 1000 steps
Results from episode    300: Total Reward= 471.65 over 1000 steps
Results from episode    302: Total Reward= 414.95 over 1000 steps
Results from episode    305: Total Reward= 474.57 over 1000 steps
Results from episode    306: Total Reward= 481.76 over 1000 steps
Results from episode    307: Total Reward= 229.66 over 723 steps
Results from episode    308: Total Reward= 580.58 over 1000 steps
Results from episode    309: Total Reward= 362.93 over 1000 steps
Results from episode    310: Total Reward= 524.25 over 1000 steps
Results from episode    313: Total Reward= 298.44 over 1000 steps
Results from episode    314: Total Reward= 477.80 over 1000 steps
Results from episode    316: Total Reward= 533.62 over 1000 steps
Results from episode    318: Total Reward= 513.49 over 1000 steps
Results from episode    323: Total Reward= 348.54 over 1000 steps
Results from episode    324: Total Reward= 450.89 over 1000 steps
Results from episode    325: Total Reward= 436.59 over 1000 steps
Results from episode    326: Total Reward= 414.80 over 1000 steps
Results from episode    327: Total Reward= 295.46 over 594 steps
Results from episode    328: Total Reward= 489.67 over 1000 steps
Results from episode    329: Total Reward= 505.52 over 1000 steps
Results from episode    331: Total Reward= 458.84 over 1000 steps
Results from episode    333: Total Reward= 482.03 over 1000 steps
Results from episode    336: Total Reward= 424.98 over 1000 steps
Results from episode    338: Total Reward= 481.60 over 1000 steps
Results from episode    339: Total Reward= 451.86 over 1000 steps
Results from episode    340: Total Reward= 527.19 over 1000 steps
Results from episode    341: Total Reward= 501.11 over 1000 steps
Results from episode    343: Total Reward= 489.90 over 1000 steps
Results from episode    344: Total Reward= 463.27 over 1000 steps
Results from episode    345: Total Reward= 584.79 over 1000 steps
Results from episode    346: Total Reward= 266.41 over 559 steps
Results from episode    347: Total Reward= 358.78 over 1000 steps
Results from episode    348: Total Reward= 469.47 over 1000 steps
Results from episode    351: Total Reward= 564.68 over 1000 steps
Results from episode    353: Total Reward= 582.93 over 1000 steps
Results from episode    354: Total Reward= 367.44 over 772 steps
Results from episode    355: Total Reward= 367.79 over 1000 steps
Results from episode    356: Total Reward= 487.70 over 1000 steps
Results from episode    358: Total Reward= 538.76 over 1000 steps
Results from episode    360: Total Reward= 436.15 over 1000 steps
Results from episode    361: Total Reward= 243.42 over 501 steps
Results from episode    362: Total Reward= 596.15 over 1000 steps
Results from episode    363: Total Reward= 446.90 over 1000 steps
Results from episode    364: Total Reward= 478.25 over 1000 steps
Results from episode    365: Total Reward= 555.69 over 1000 steps
Results from episode    366: Total Reward= 308.84 over 1000 steps
Results from episode    367: Total Reward= 249.48 over 555 steps
Results from episode    369: Total Reward= 622.96 over 1000 steps
Results from episode    370: Total Reward= 565.23 over 1000 steps
Results from episode    371: Total Reward= 275.02 over 720 steps
Results from episode    372: Total Reward= 487.82 over 1000 steps
Results from episode    373: Total Reward= 339.02 over 1000 steps
Results from episode    374: Total Reward= 488.01 over 1000 steps
Results from episode    375: Total Reward= 407.36 over 765 steps
Results from episode    378: Total Reward= 395.29 over 1000 steps
Results from episode    382: Total Reward= 596.33 over 1000 steps
Results from episode    384: Total Reward= 344.51 over 1000 steps
Results from episode    385: Total Reward= 575.10 over 1000 steps
Results from episode    386: Total Reward= 534.30 over 1000 steps
Results from episode    387: Total Reward= 568.28 over 1000 steps
Results from episode    389: Total Reward= 428.02 over 1000 steps
Results from episode    390: Total Reward= 413.78 over 869 steps
Results from episode    391: Total Reward= 479.95 over 1000 steps
Results from episode    392: Total Reward= 457.15 over 1000 steps
Results from episode    393: Total Reward= 497.46 over 1000 steps
Results from episode    394: Total Reward= 338.15 over 1000 steps
Results from episode    395: Total Reward= 405.71 over 1000 steps
Results from episode    396: Total Reward= 293.12 over 1000 steps
Results from episode    397: Total Reward= 373.22 over 1000 steps
Results from episode    398: Total Reward= 484.15 over 1000 steps
Results from episode    400: Total Reward= 505.70 over 1000 steps
Results from episode    401: Total Reward= 384.77 over 1000 steps
Results from episode    402: Total Reward= 488.84 over 1000 steps
Results from episode    404: Total Reward= 583.76 over 1000 steps
Results from episode    406: Total Reward= 525.29 over 1000 steps
Results from episode    407: Total Reward= 518.30 over 1000 steps
Results from episode    408: Total Reward= 355.96 over 597 steps
Results from episode    409: Total Reward= 537.96 over 1000 steps
Results from episode    411: Total Reward= 292.77 over 1000 steps
Results from episode    412: Total Reward= 503.50 over 1000 steps
Results from episode    413: Total Reward= 331.21 over 1000 steps
Results from episode    415: Total Reward= 401.09 over 1000 steps
Results from episode    416: Total Reward= 514.04 over 1000 steps
Results from episode    417: Total Reward= 490.67 over 1000 steps
Results from episode    419: Total Reward= 228.48 over 1000 steps
Results from episode    420: Total Reward= 635.59 over 1000 steps
Results from episode    421: Total Reward= 462.59 over 1000 steps
Results from episode    422: Total Reward= 483.21 over 1000 steps
Results from episode    423: Total Reward= 561.07 over 1000 steps
Results from episode    425: Total Reward= 453.00 over 1000 steps
Results from episode    426: Total Reward= 436.34 over 1000 steps
Results from episode    427: Total Reward= 528.57 over 1000 steps
Results from episode    429: Total Reward= 276.53 over 1000 steps
Results from episode    430: Total Reward= 488.70 over 1000 steps
Results from episode    431: Total Reward= 561.08 over 1000 steps
Results from episode    432: Total Reward= 429.52 over 847 steps
Results from episode    433: Total Reward= 554.12 over 1000 steps
Results from episode    434: Total Reward= 475.27 over 1000 steps
Results from episode    435: Total Reward= 536.63 over 1000 steps
Results from episode    437: Total Reward= 490.78 over 1000 steps
Results from episode    438: Total Reward= 367.04 over 1000 steps
Results from episode    439: Total Reward= 459.82 over 1000 steps
Results from episode    440: Total Reward= 582.89 over 1000 steps
Results from episode    441: Total Reward= 440.70 over 1000 steps
Results from episode    442: Total Reward= 518.99 over 1000 steps
Results from episode    443: Total Reward= 276.11 over 533 steps
Results from episode    444: Total Reward= 521.96 over 1000 steps
Results from episode    445: Total Reward= 496.28 over 1000 steps
Results from episode    446: Total Reward= 637.90 over 1000 steps
Results from episode    447: Total Reward= 280.33 over 578 steps
Results from episode    448: Total Reward= 276.79 over 1000 steps
Results from episode    449: Total Reward= 286.86 over 515 steps
Results from episode    450: Total Reward= 569.08 over 1000 steps
Results from episode    451: Total Reward= 571.14 over 1000 steps
Results from episode    452: Total Reward= 486.14 over 1000 steps
Results from episode    453: Total Reward= 444.32 over 1000 steps
Results from episode    454: Total Reward= 486.97 over 1000 steps
Results from episode    455: Total Reward= 398.45 over 1000 steps
Results from episode    457: Total Reward= 416.77 over 701 steps
Results from episode    458: Total Reward= 349.14 over 1000 steps
Results from episode    459: Total Reward= 451.98 over 1000 steps
Results from episode    460: Total Reward= 272.51 over 1000 steps
Results from episode    461: Total Reward= 381.30 over 1000 steps
Results from episode    462: Total Reward= 572.98 over 1000 steps
Results from episode    464: Total Reward= 444.77 over 1000 steps
Results from episode    465: Total Reward= 544.28 over 1000 steps
Results from episode    466: Total Reward= 516.04 over 1000 steps
Results from episode    467: Total Reward= 548.00 over 1000 steps
Results from episode    468: Total Reward= 476.62 over 1000 steps
Results from episode    469: Total Reward= 399.78 over 1000 steps
Results from episode    470: Total Reward= 451.38 over 821 steps
Results from episode    471: Total Reward= 561.59 over 1000 steps
Results from episode    474: Total Reward= 392.17 over 1000 steps
Results from episode    475: Total Reward= 402.03 over 1000 steps
Results from episode    476: Total Reward= 519.72 over 1000 steps
Results from episode    477: Total Reward= 580.11 over 1000 steps
Results from episode    478: Total Reward= 543.48 over 1000 steps
Results from episode    481: Total Reward= 513.91 over 1000 steps
Results from episode    483: Total Reward= 552.77 over 1000 steps
Results from episode    484: Total Reward= 473.39 over 1000 steps
Results from episode    485: Total Reward= 507.70 over 1000 steps
Results from episode    486: Total Reward= 597.30 over 1000 steps
Results from episode    488: Total Reward= 379.21 over 1000 steps
Results from episode    489: Total Reward= 627.24 over 1000 steps
Results from episode    490: Total Reward= 499.28 over 1000 steps
Results from episode    491: Total Reward= 589.08 over 1000 steps
Results from episode    493: Total Reward= 339.87 over 1000 steps
Results from episode    494: Total Reward= 523.31 over 1000 steps
Results from episode    496: Total Reward= 456.43 over 1000 steps
Results from episode    497: Total Reward= 448.24 over 1000 steps
Results from episode    498: Total Reward= 574.67 over 1000 steps
Results from episode    499: Total Reward= 328.73 over 521 steps
Results from episode    500: Total Reward= 500.45 over 1000 steps
Results from episode    501: Total Reward= 557.35 over 1000 steps
Results from episode    502: Total Reward= 545.27 over 1000 steps
Results from episode    503: Total Reward= 374.43 over 1000 steps
Results from episode    504: Total Reward= 437.71 over 1000 steps
Results from episode    506: Total Reward= 448.00 over 1000 steps
Results from episode    507: Total Reward= 594.54 over 1000 steps
Results from episode    508: Total Reward= 553.40 over 1000 steps
Results from episode    509: Total Reward= 615.26 over 1000 steps
Results from episode    510: Total Reward= 497.71 over 1000 steps
Results from episode    511: Total Reward= 569.57 over 1000 steps
Results from episode    512: Total Reward= 579.91 over 1000 steps
Results from episode    513: Total Reward= 513.40 over 1000 steps
Results from episode    514: Total Reward= 570.26 over 1000 steps
Results from episode    515: Total Reward= 517.25 over 1000 steps
Results from episode    516: Total Reward= 457.28 over 1000 steps
Results from episode    517: Total Reward= 293.53 over 1000 steps
Results from episode    518: Total Reward= 490.11 over 1000 steps
Results from episode    520: Total Reward= 618.28 over 1000 steps
Results from episode    521: Total Reward= 466.64 over 1000 steps
Results from episode    522: Total Reward= 460.86 over 1000 steps
Results from episode    523: Total Reward= 576.24 over 1000 steps
Results from episode    524: Total Reward= 650.31 over 1000 steps
Results from episode    525: Total Reward= 455.93 over 1000 steps
Results from episode    526: Total Reward= 482.69 over 1000 steps
Results from episode    527: Total Reward= 317.32 over 1000 steps
Results from episode    528: Total Reward= 449.88 over 1000 steps
Results from episode    529: Total Reward= 310.85 over 1000 steps
Results from episode    530: Total Reward= 633.23 over 1000 steps
Results from episode    531: Total Reward= 439.51 over 1000 steps
Results from episode    532: Total Reward= 582.72 over 1000 steps
Results from episode    533: Total Reward= 614.35 over 1000 steps
Results from episode    534: Total Reward= 585.03 over 1000 steps
Results from episode    535: Total Reward= 489.93 over 1000 steps
Results from episode    537: Total Reward= 501.23 over 1000 steps
Results from episode    538: Total Reward= 557.38 over 1000 steps
Results from episode    539: Total Reward= 485.23 over 1000 steps
Results from episode    540: Total Reward= 569.48 over 1000 steps
Results from episode    541: Total Reward= 239.77 over 1000 steps
Results from episode    542: Total Reward= 557.65 over 1000 steps
Results from episode    544: Total Reward= 552.51 over 1000 steps
Results from episode    545: Total Reward= 545.96 over 1000 steps
Results from episode    546: Total Reward= 532.35 over 1000 steps
Results from episode    547: Total Reward= 553.34 over 1000 steps
Results from episode    548: Total Reward= 549.49 over 1000 steps
Results from episode    550: Total Reward= 562.92 over 1000 steps
Results from episode    551: Total Reward= 643.16 over 1000 steps
Results from episode    552: Total Reward= 590.54 over 1000 steps
Results from episode    553: Total Reward= 658.51 over 1000 steps
Results from episode    554: Total Reward= 531.73 over 1000 steps
Results from episode    555: Total Reward= 460.52 over 875 steps
Results from episode    560: Total Reward= 355.13 over 1000 steps
Results from episode    561: Total Reward= 559.16 over 1000 steps
Results from episode    562: Total Reward= 567.76 over 1000 steps
Results from episode    563: Total Reward= 494.76 over 1000 steps
Results from episode    564: Total Reward= 488.52 over 1000 steps
Results from episode    565: Total Reward= 533.43 over 1000 steps
Results from episode    566: Total Reward= 495.26 over 1000 steps
Results from episode    567: Total Reward= 365.69 over 654 steps
Results from episode    568: Total Reward= 594.83 over 1000 steps
Results from episode    569: Total Reward= 527.05 over 1000 steps
Results from episode    570: Total Reward= 512.67 over 1000 steps
Results from episode    571: Total Reward= 598.62 over 1000 steps
Results from episode    572: Total Reward= 429.14 over 1000 steps
Results from episode    573: Total Reward= 486.95 over 1000 steps
Results from episode    574: Total Reward= 594.57 over 1000 steps
Results from episode    575: Total Reward= 376.87 over 1000 steps
Results from episode    576: Total Reward= 553.57 over 1000 steps
Results from episode    577: Total Reward= 584.31 over 1000 steps
Results from episode    579: Total Reward= 575.19 over 1000 steps
Results from episode    580: Total Reward= 610.15 over 1000 steps
Results from episode    581: Total Reward= 381.61 over 1000 steps
Results from episode    582: Total Reward= 570.55 over 1000 steps
Results from episode    583: Total Reward= 619.00 over 1000 steps
Results from episode    584: Total Reward= 543.36 over 1000 steps
Results from episode    585: Total Reward= 620.54 over 1000 steps
Results from episode    586: Total Reward= 347.41 over 618 steps
Results from episode    587: Total Reward= 370.47 over 709 steps
Results from episode    588: Total Reward= 565.99 over 1000 steps
Results from episode    589: Total Reward= 568.29 over 1000 steps
Results from episode    590: Total Reward= 642.03 over 1000 steps
Results from episode    591: Total Reward= 521.59 over 1000 steps
Results from episode    593: Total Reward= 437.05 over 1000 steps
Results from episode    594: Total Reward= 373.60 over 1000 steps
Results from episode    595: Total Reward= 526.14 over 1000 steps
Results from episode    596: Total Reward= 390.30 over 1000 steps
Results from episode    597: Total Reward= 602.36 over 1000 steps
Results from episode    598: Total Reward= 241.16 over 1000 steps
Results from episode    599: Total Reward= 647.92 over 1000 steps
Results from episode    600: Total Reward= 554.31 over 1000 steps
Results from episode    601: Total Reward= 600.03 over 1000 steps
Results from episode    602: Total Reward= 579.57 over 1000 steps
Results from episode    603: Total Reward= 579.01 over 1000 steps
Results from episode    604: Total Reward= 560.48 over 1000 steps
Results from episode    605: Total Reward= 512.76 over 1000 steps
Results from episode    606: Total Reward= 491.22 over 1000 steps
Results from episode    607: Total Reward= 576.54 over 1000 steps
Results from episode    608: Total Reward= 577.03 over 1000 steps
Results from episode    609: Total Reward= 436.27 over 1000 steps
Results from episode    610: Total Reward= 546.12 over 1000 steps
Results from episode    611: Total Reward= 458.70 over 1000 steps
Results from episode    612: Total Reward= 555.47 over 1000 steps
Results from episode    613: Total Reward= 511.60 over 1000 steps
Results from episode    614: Total Reward= 628.90 over 1000 steps
Results from episode    615: Total Reward= 632.19 over 1000 steps
Results from episode    616: Total Reward= 503.52 over 865 steps
Results from episode    617: Total Reward= 595.79 over 1000 steps
Results from episode    619: Total Reward= 412.53 over 1000 steps
Results from episode    620: Total Reward= 520.37 over 1000 steps
Results from episode    621: Total Reward= 570.45 over 1000 steps
Results from episode    622: Total Reward= 569.08 over 1000 steps
Results from episode    623: Total Reward= 556.95 over 1000 steps
Results from episode    624: Total Reward= 517.88 over 1000 steps
Results from episode    625: Total Reward= 621.77 over 1000 steps
Results from episode    626: Total Reward= 655.33 over 1000 steps
Results from episode    627: Total Reward= 648.95 over 1000 steps
Results from episode    628: Total Reward= 451.14 over 1000 steps
Results from episode    629: Total Reward= 302.81 over 568 steps
Results from episode    630: Total Reward= 463.84 over 1000 steps
Results from episode    631: Total Reward= 518.16 over 1000 steps
Results from episode    632: Total Reward= 526.51 over 1000 steps
Results from episode    633: Total Reward= 595.46 over 1000 steps
Results from episode    634: Total Reward= 412.17 over 691 steps
Results from episode    635: Total Reward= 691.53 over 1000 steps
Results from episode    636: Total Reward= 546.61 over 1000 steps
Results from episode    637: Total Reward= 491.75 over 1000 steps
Results from episode    638: Total Reward= 577.43 over 1000 steps
Results from episode    639: Total Reward= 614.72 over 1000 steps
Results from episode    640: Total Reward= 608.64 over 1000 steps
Results from episode    641: Total Reward= 587.52 over 1000 steps
Results from episode    642: Total Reward= 515.04 over 1000 steps
Results from episode    643: Total Reward= 531.25 over 1000 steps
Results from episode    644: Total Reward= 737.44 over 1000 steps
Results from episode    645: Total Reward= 595.61 over 1000 steps
Results from episode    646: Total Reward= 457.01 over 1000 steps
Results from episode    647: Total Reward= 557.02 over 1000 steps
Results from episode    648: Total Reward= 492.77 over 1000 steps
Results from episode    649: Total Reward= 470.70 over 1000 steps
Results from episode    650: Total Reward= 631.47 over 1000 steps
Results from episode    651: Total Reward= 448.55 over 1000 steps
Results from episode    652: Total Reward= 706.99 over 1000 steps
Results from episode    653: Total Reward= 395.03 over 1000 steps
Results from episode    654: Total Reward= 446.01 over 1000 steps
Results from episode    656: Total Reward= 591.02 over 1000 steps
Results from episode    657: Total Reward= 591.61 over 1000 steps
Results from episode    658: Total Reward= 456.93 over 1000 steps
Results from episode    659: Total Reward= 560.30 over 1000 steps
Results from episode    660: Total Reward= 652.93 over 1000 steps
Results from episode    661: Total Reward= 622.10 over 1000 steps
Results from episode    663: Total Reward= 452.37 over 1000 steps
Results from episode    664: Total Reward= 520.72 over 1000 steps
Results from episode    665: Total Reward= 602.56 over 1000 steps
Results from episode    666: Total Reward= 390.30 over 1000 steps
Results from episode    667: Total Reward= 502.05 over 1000 steps
Results from episode    668: Total Reward= 523.47 over 1000 steps
Results from episode    669: Total Reward= 601.62 over 1000 steps
Results from episode    670: Total Reward= 640.40 over 1000 steps
Results from episode    671: Total Reward= 510.11 over 1000 steps
Results from episode    672: Total Reward= 639.95 over 1000 steps
Results from episode    673: Total Reward= 478.46 over 1000 steps
Results from episode    674: Total Reward= 564.23 over 1000 steps
Results from episode    675: Total Reward= 629.92 over 1000 steps
Results from episode    676: Total Reward= 651.52 over 1000 steps
Results from episode    677: Total Reward= 329.79 over 667 steps
Results from episode    678: Total Reward= 623.63 over 1000 steps
Results from episode    679: Total Reward= 665.43 over 1000 steps
Results from episode    680: Total Reward= 410.59 over 1000 steps
Results from episode    681: Total Reward= 661.44 over 1000 steps
Results from episode    683: Total Reward= 645.11 over 1000 steps
Results from episode    684: Total Reward= 514.51 over 1000 steps
Results from episode    685: Total Reward= 626.09 over 1000 steps
Results from episode    686: Total Reward= 550.36 over 1000 steps
Results from episode    687: Total Reward= 582.84 over 1000 steps
Results from episode    688: Total Reward= 612.17 over 1000 steps
Results from episode    689: Total Reward= 581.16 over 1000 steps
Results from episode    690: Total Reward= 586.05 over 1000 steps
Results from episode    691: Total Reward= 608.68 over 1000 steps
Results from episode    692: Total Reward= 552.39 over 1000 steps
Results from episode    693: Total Reward= 475.13 over 1000 steps
Results from episode    694: Total Reward= 576.45 over 1000 steps
Results from episode    695: Total Reward= 591.19 over 1000 steps
Results from episode    696: Total Reward= 575.75 over 1000 steps
Results from episode    697: Total Reward= 592.53 over 1000 steps
Results from episode    698: Total Reward= 602.66 over 1000 steps
Results from episode    699: Total Reward= 576.63 over 1000 steps
Results from episode    700: Total Reward= 700.80 over 1000 steps
Results from episode    701: Total Reward= 695.58 over 1000 steps
Results from episode    702: Total Reward= 656.99 over 1000 steps
Results from episode    703: Total Reward= 551.02 over 1000 steps
Results from episode    704: Total Reward= 416.74 over 1000 steps
Results from episode    705: Total Reward= 629.74 over 1000 steps
Results from episode    706: Total Reward= 639.39 over 1000 steps
Results from episode    707: Total Reward= 614.04 over 1000 steps
Results from episode    708: Total Reward= 533.69 over 1000 steps
Results from episode    709: Total Reward= 558.88 over 1000 steps
Results from episode    710: Total Reward= 601.85 over 1000 steps
Results from episode    711: Total Reward= 518.69 over 1000 steps
Results from episode    712: Total Reward= 621.51 over 1000 steps
Results from episode    713: Total Reward= 652.67 over 1000 steps
Results from episode    714: Total Reward= 535.80 over 1000 steps
Results from episode    715: Total Reward= 604.51 over 1000 steps
Results from episode    717: Total Reward= 506.84 over 1000 steps
Results from episode    718: Total Reward= 594.22 over 1000 steps
Results from episode    719: Total Reward= 354.44 over 574 steps
Results from episode    720: Total Reward= 553.73 over 1000 steps
Results from episode    721: Total Reward= 489.12 over 1000 steps
Results from episode    722: Total Reward= 605.89 over 1000 steps
Results from episode    723: Total Reward= 631.69 over 1000 steps
Results from episode    724: Total Reward= 613.08 over 1000 steps
Results from episode    725: Total Reward= 610.32 over 1000 steps
Results from episode    726: Total Reward= 672.44 over 1000 steps
Results from episode    727: Total Reward= 482.94 over 1000 steps
Results from episode    728: Total Reward= 596.26 over 1000 steps
Results from episode    729: Total Reward= 581.58 over 1000 steps
Results from episode    730: Total Reward= 578.93 over 1000 steps
Results from episode    731: Total Reward= 621.73 over 1000 steps
Results from episode    732: Total Reward= 513.74 over 1000 steps
Results from episode    733: Total Reward= 600.23 over 1000 steps
Results from episode    734: Total Reward= 506.10 over 1000 steps
Results from episode    735: Total Reward= 631.39 over 1000 steps
Results from episode    736: Total Reward= 587.39 over 1000 steps
Results from episode    737: Total Reward= 357.64 over 549 steps
Results from episode    738: Total Reward= 656.56 over 1000 steps
Results from episode    739: Total Reward= 601.16 over 1000 steps
Results from episode    740: Total Reward= 589.03 over 1000 steps
Results from episode    741: Total Reward= 647.09 over 1000 steps
Results from episode    742: Total Reward= 452.44 over 1000 steps
Results from episode    743: Total Reward= 536.73 over 1000 steps
Results from episode    744: Total Reward= 685.77 over 1000 steps
Results from episode    745: Total Reward= 671.21 over 1000 steps
Results from episode    746: Total Reward= 616.23 over 1000 steps
Results from episode    747: Total Reward= 559.37 over 1000 steps
Results from episode    748: Total Reward= 602.89 over 1000 steps
Results from episode    749: Total Reward= 434.26 over 1000 steps
Results from episode    750: Total Reward= 595.94 over 1000 steps
Results from episode    751: Total Reward= 344.06 over 724 steps
Results from episode    752: Total Reward= 598.93 over 1000 steps
Results from episode    753: Total Reward= 567.74 over 1000 steps
Results from episode    754: Total Reward= 569.26 over 1000 steps
Results from episode    755: Total Reward= 680.19 over 1000 steps
Results from episode    756: Total Reward= 588.66 over 1000 steps
Results from episode    757: Total Reward= 584.42 over 1000 steps
Results from episode    758: Total Reward= 611.80 over 1000 steps
Results from episode    759: Total Reward= 707.15 over 1000 steps
Results from episode    760: Total Reward= 661.38 over 1000 steps
Results from episode    761: Total Reward= 631.40 over 1000 steps
Results from episode    762: Total Reward= 551.29 over 1000 steps
Results from episode    763: Total Reward= 595.50 over 1000 steps
Results from episode    765: Total Reward= 661.45 over 1000 steps
Results from episode    766: Total Reward= 479.45 over 1000 steps
Results from episode    768: Total Reward= 599.77 over 1000 steps
Results from episode    769: Total Reward= 582.74 over 1000 steps
Results from episode    770: Total Reward= 545.79 over 1000 steps
Results from episode    771: Total Reward= 596.10 over 951 steps
Results from episode    772: Total Reward= 623.87 over 1000 steps
Results from episode    773: Total Reward= 613.52 over 1000 steps
Results from episode    774: Total Reward= 632.65 over 1000 steps
Results from episode    775: Total Reward= 682.72 over 1000 steps
Results from episode    776: Total Reward= 651.37 over 1000 steps
Results from episode    777: Total Reward= 557.40 over 1000 steps
Results from episode    778: Total Reward= 717.15 over 1000 steps
Results from episode    779: Total Reward= 609.28 over 1000 steps
Results from episode    780: Total Reward= 469.09 over 1000 steps
Results from episode    781: Total Reward= 324.37 over 580 steps
Results from episode    782: Total Reward= 596.06 over 1000 steps
Results from episode    783: Total Reward= 624.94 over 1000 steps
Results from episode    784: Total Reward= 382.87 over 1000 steps
Results from episode    785: Total Reward= 633.47 over 1000 steps
Results from episode    786: Total Reward= 502.61 over 1000 steps
Results from episode    787: Total Reward= 679.27 over 1000 steps
Results from episode    788: Total Reward= 594.80 over 1000 steps
Results from episode    789: Total Reward= 508.87 over 1000 steps
Results from episode    790: Total Reward= 558.25 over 1000 steps
Results from episode    791: Total Reward= 645.95 over 1000 steps
Results from episode    792: Total Reward= 568.98 over 1000 steps
Results from episode    793: Total Reward= 669.18 over 1000 steps
Results from episode    794: Total Reward= 630.47 over 1000 steps
Results from episode    795: Total Reward= 699.17 over 1000 steps
Results from episode    796: Total Reward= 425.62 over 1000 steps
Results from episode    797: Total Reward= 568.90 over 1000 steps
Results from episode    798: Total Reward= 579.16 over 1000 steps
Results from episode    799: Total Reward= 594.37 over 1000 steps
Results from episode    800: Total Reward= 502.51 over 1000 steps
Results from episode    801: Total Reward= 655.77 over 1000 steps
Results from episode    802: Total Reward= 579.53 over 1000 steps
Results from episode    803: Total Reward= 608.67 over 1000 steps
Results from episode    804: Total Reward= 618.39 over 1000 steps
Results from episode    805: Total Reward= 603.33 over 1000 steps
Results from episode    806: Total Reward= 629.00 over 1000 steps
Results from episode    808: Total Reward= 610.63 over 1000 steps
Results from episode    809: Total Reward= 646.82 over 1000 steps
Results from episode    810: Total Reward= 454.67 over 1000 steps
Results from episode    811: Total Reward= 565.96 over 1000 steps
Results from episode    812: Total Reward= 696.68 over 1000 steps
Results from episode    813: Total Reward= 733.08 over 1000 steps
Results from episode    814: Total Reward= 670.49 over 1000 steps
Results from episode    815: Total Reward= 601.45 over 1000 steps
Results from episode    816: Total Reward= 668.57 over 1000 steps
Results from episode    817: Total Reward= 642.42 over 1000 steps
Results from episode    818: Total Reward= 614.09 over 1000 steps
Results from episode    819: Total Reward= 352.04 over 521 steps
Results from episode    820: Total Reward= 537.91 over 1000 steps
Results from episode    821: Total Reward= 686.13 over 1000 steps
Results from episode    822: Total Reward= 644.87 over 1000 steps
Results from episode    823: Total Reward= 630.35 over 1000 steps
Results from episode    824: Total Reward= 612.98 over 1000 steps
Results from episode    825: Total Reward= 598.82 over 1000 steps
Results from episode    826: Total Reward= 701.70 over 1000 steps
Results from episode    828: Total Reward= 670.78 over 1000 steps
Results from episode    830: Total Reward= 655.46 over 1000 steps
Results from episode    831: Total Reward= 567.61 over 772 steps
Results from episode    832: Total Reward= 697.62 over 1000 steps
Results from episode    833: Total Reward= 604.87 over 1000 steps
Results from episode    834: Total Reward= 503.41 over 1000 steps
Results from episode    835: Total Reward= 699.14 over 1000 steps
Results from episode    836: Total Reward= 552.46 over 1000 steps
Results from episode    837: Total Reward= 664.76 over 1000 steps
Results from episode    838: Total Reward= 696.92 over 1000 steps
Results from episode    839: Total Reward= 606.71 over 1000 steps
Results from episode    840: Total Reward= 706.14 over 1000 steps
Results from episode    841: Total Reward= 624.03 over 1000 steps
Results from episode    842: Total Reward= 571.87 over 1000 steps
Results from episode    843: Total Reward= 703.04 over 1000 steps
Results from episode    844: Total Reward= 541.72 over 1000 steps
Results from episode    845: Total Reward= 688.94 over 1000 steps
Results from episode    846: Total Reward= 621.04 over 1000 steps
Results from episode    847: Total Reward= 700.08 over 1000 steps
Results from episode    848: Total Reward= 673.50 over 1000 steps
Results from episode    849: Total Reward= 593.48 over 1000 steps
Results from episode    850: Total Reward= 624.51 over 1000 steps
Results from episode    851: Total Reward= 643.68 over 1000 steps
Results from episode    852: Total Reward= 607.52 over 1000 steps
Results from episode    853: Total Reward= 631.63 over 1000 steps
Results from episode    854: Total Reward= 669.75 over 1000 steps
Results from episode    855: Total Reward= 566.14 over 1000 steps
Results from episode    856: Total Reward= 691.97 over 1000 steps
Results from episode    857: Total Reward= 657.64 over 1000 steps
Results from episode    858: Total Reward= 623.34 over 1000 steps
Results from episode    859: Total Reward= 650.97 over 1000 steps
Results from episode    860: Total Reward= 669.38 over 1000 steps
Results from episode    861: Total Reward= 508.70 over 1000 steps
Results from episode    862: Total Reward= 645.84 over 1000 steps
Results from episode    863: Total Reward= 676.04 over 1000 steps
Results from episode    864: Total Reward= 601.09 over 1000 steps
Results from episode    865: Total Reward= 658.81 over 1000 steps
Results from episode    866: Total Reward= 713.61 over 1000 steps
Results from episode    867: Total Reward= 566.63 over 1000 steps
Results from episode    868: Total Reward= 625.75 over 1000 steps
Results from episode    869: Total Reward= 641.26 over 1000 steps
Results from episode    870: Total Reward= 693.20 over 1000 steps
Results from episode    871: Total Reward= 554.45 over 1000 steps
Results from episode    872: Total Reward= 711.84 over 1000 steps
Results from episode    873: Total Reward= 643.89 over 1000 steps
Results from episode    874: Total Reward= 648.33 over 1000 steps
Results from episode    875: Total Reward= 732.45 over 1000 steps
Results from episode    877: Total Reward= 675.58 over 1000 steps
Results from episode    878: Total Reward= 630.81 over 1000 steps
Results from episode    879: Total Reward= 581.39 over 1000 steps
Results from episode    880: Total Reward= 653.69 over 1000 steps
Results from episode    881: Total Reward= 465.52 over 1000 steps
Results from episode    882: Total Reward= 712.77 over 1000 steps
Results from episode    883: Total Reward= 437.83 over 1000 steps
Results from episode    884: Total Reward= 581.78 over 1000 steps
Results from episode    885: Total Reward= 549.32 over 1000 steps
Results from episode    887: Total Reward= 651.90 over 1000 steps
Results from episode    888: Total Reward= 594.02 over 1000 steps
Results from episode    889: Total Reward= 594.83 over 1000 steps
Results from episode    890: Total Reward= 678.81 over 1000 steps
Results from episode    891: Total Reward= 625.54 over 869 steps
Results from episode    892: Total Reward= 600.05 over 1000 steps
Results from episode    893: Total Reward= 551.58 over 1000 steps
Results from episode    894: Total Reward= 625.52 over 1000 steps
Results from episode    895: Total Reward= 571.62 over 1000 steps
Results from episode    897: Total Reward= 631.88 over 1000 steps
Results from episode    899: Total Reward= 666.01 over 1000 steps
Results from episode    900: Total Reward= 630.58 over 1000 steps
Results from episode    901: Total Reward= 443.96 over 692 steps
Results from episode    902: Total Reward= 644.64 over 1000 steps
Results from episode    903: Total Reward= 642.40 over 1000 steps
Results from episode    905: Total Reward= 449.06 over 1000 steps
Results from episode    906: Total Reward= 710.19 over 1000 steps
Results from episode    907: Total Reward= 619.69 over 1000 steps
Results from episode    908: Total Reward= 711.89 over 1000 steps
Results from episode    909: Total Reward= 680.66 over 1000 steps
Results from episode    910: Total Reward= 419.76 over 1000 steps
Results from episode    911: Total Reward= 525.80 over 1000 steps
Results from episode    912: Total Reward= 643.61 over 1000 steps
Results from episode    913: Total Reward= 686.25 over 1000 steps
Results from episode    914: Total Reward= 501.30 over 1000 steps
Results from episode    915: Total Reward= 430.35 over 641 steps
Results from episode    916: Total Reward= 602.08 over 1000 steps
Results from episode    917: Total Reward= 560.64 over 1000 steps
Results from episode    918: Total Reward= 682.89 over 1000 steps
Results from episode    919: Total Reward= 550.86 over 1000 steps
Results from episode    920: Total Reward= 673.98 over 1000 steps
Results from episode    921: Total Reward= 360.51 over 581 steps
Results from episode    922: Total Reward= 645.84 over 1000 steps
Results from episode    923: Total Reward= 579.53 over 1000 steps
Results from episode    924: Total Reward= 543.74 over 1000 steps
Results from episode    925: Total Reward= 620.94 over 1000 steps
Results from episode    926: Total Reward= 568.06 over 1000 steps
Results from episode    927: Total Reward= 570.60 over 1000 steps
Results from episode    928: Total Reward= 671.29 over 1000 steps
Results from episode    930: Total Reward= 596.20 over 1000 steps
Results from episode    931: Total Reward= 655.36 over 1000 steps
Results from episode    932: Total Reward= 530.07 over 1000 steps
Results from episode    933: Total Reward= 696.18 over 1000 steps
Results from episode    934: Total Reward= 692.62 over 1000 steps
Results from episode    936: Total Reward= 750.15 over 1000 steps
Results from episode    937: Total Reward= 610.51 over 1000 steps
Results from episode    938: Total Reward= 673.31 over 1000 steps
Results from episode    939: Total Reward= 634.71 over 1000 steps
Results from episode    940: Total Reward= 669.58 over 1000 steps
Results from episode    941: Total Reward= 604.87 over 1000 steps
Results from episode    942: Total Reward= 718.41 over 1000 steps
Results from episode    943: Total Reward= 603.26 over 1000 steps
Results from episode    944: Total Reward= 581.13 over 851 steps
Results from episode    945: Total Reward= 760.46 over 1000 steps
Results from episode    946: Total Reward= 667.17 over 1000 steps
Results from episode    947: Total Reward= 440.21 over 684 steps
Results from episode    948: Total Reward= 664.55 over 1000 steps
Results from episode    949: Total Reward= 614.02 over 1000 steps
Results from episode    950: Total Reward= 688.39 over 1000 steps
Results from episode    951: Total Reward= 626.00 over 1000 steps
Results from episode    952: Total Reward= 694.19 over 971 steps
Results from episode    953: Total Reward= 684.11 over 1000 steps
Results from episode    954: Total Reward= 683.40 over 1000 steps
Results from episode    955: Total Reward= 644.47 over 1000 steps
Results from episode    956: Total Reward= 684.82 over 1000 steps
Results from episode    957: Total Reward= 534.39 over 1000 steps
Results from episode    958: Total Reward= 597.87 over 1000 steps
Results from episode    960: Total Reward= 755.91 over 1000 steps
Results from episode    961: Total Reward= 684.05 over 1000 steps
Results from episode    962: Total Reward= 693.35 over 1000 steps
Results from episode    963: Total Reward= 721.22 over 1000 steps
Results from episode    964: Total Reward= 713.79 over 1000 steps
Results from episode    965: Total Reward= 526.86 over 1000 steps
Results from episode    966: Total Reward= 710.74 over 1000 steps
Results from episode    967: Total Reward= 628.15 over 1000 steps
Results from episode    968: Total Reward= 635.11 over 1000 steps
Results from episode    969: Total Reward= 657.44 over 1000 steps
Results from episode    970: Total Reward= 427.98 over 1000 steps
Results from episode    971: Total Reward= 558.85 over 1000 steps
Results from episode    972: Total Reward= 655.41 over 1000 steps
Results from episode    973: Total Reward= 731.66 over 1000 steps
Results from episode    974: Total Reward= 644.67 over 1000 steps
Results from episode    975: Total Reward= 680.63 over 1000 steps
Results from episode    977: Total Reward= 714.96 over 1000 steps
Results from episode    978: Total Reward= 644.11 over 1000 steps
Results from episode    979: Total Reward= 665.49 over 1000 steps
Results from episode    981: Total Reward= 642.86 over 1000 steps
Results from episode    983: Total Reward= 702.62 over 1000 steps
Results from episode    984: Total Reward= 630.09 over 1000 steps
Results from episode    985: Total Reward= 574.88 over 1000 steps
Results from episode    986: Total Reward= 598.30 over 1000 steps
Results from episode    988: Total Reward= 612.12 over 1000 steps
Results from episode    989: Total Reward= 532.82 over 1000 steps
Results from episode    990: Total Reward= 613.03 over 1000 steps
Results from episode    991: Total Reward= 706.84 over 1000 steps
Results from episode    992: Total Reward= 637.03 over 1000 steps
Results from episode    993: Total Reward= 604.53 over 1000 steps
Results from episode    994: Total Reward= 620.72 over 1000 steps
Results from episode    995: Total Reward= 654.16 over 1000 steps
Results from episode    996: Total Reward= 531.64 over 1000 steps
Results from episode    997: Total Reward= 633.63 over 1000 steps
Results from episode    998: Total Reward= 748.58 over 1000 steps
Results from episode    999: Total Reward= 680.22 over 1000 steps
Results from episode   1000: Total Reward= 279.16 over 443 steps
Results from episode   1001: Total Reward= 686.36 over 1000 steps
Results from episode   1002: Total Reward= 690.82 over 1000 steps
Results from episode   1003: Total Reward= 679.76 over 1000 steps
Results from episode   1004: Total Reward= 715.87 over 1000 steps
Results from episode   1005: Total Reward= 694.83 over 1000 steps
Results from episode   1006: Total Reward= 697.61 over 1000 steps
Results from episode   1007: Total Reward= 528.38 over 1000 steps
Results from episode   1008: Total Reward= 615.29 over 1000 steps
Results from episode   1009: Total Reward= 763.29 over 1000 steps
Results from episode   1010: Total Reward= 603.84 over 1000 steps
Results from episode   1011: Total Reward= 675.96 over 1000 steps
Results from episode   1013: Total Reward= 676.18 over 1000 steps
Results from episode   1014: Total Reward= 371.04 over 515 steps
Results from episode   1016: Total Reward= 545.91 over 1000 steps
Results from episode   1017: Total Reward= 543.84 over 1000 steps
Results from episode   1018: Total Reward= 507.12 over 1000 steps
Results from episode   1019: Total Reward= 543.14 over 1000 steps
Results from episode   1021: Total Reward= 528.60 over 1000 steps
Results from episode   1023: Total Reward= 688.56 over 1000 steps
Results from episode   1025: Total Reward= 514.54 over 1000 steps
Results from episode   1026: Total Reward= 721.36 over 1000 steps
Results from episode   1027: Total Reward= 651.52 over 1000 steps
Results from episode   1029: Total Reward= 682.01 over 1000 steps
Results from episode   1030: Total Reward= 523.51 over 1000 steps
Results from episode   1031: Total Reward= 692.67 over 1000 steps
Results from episode   1032: Total Reward= 769.24 over 1000 steps
Results from episode   1033: Total Reward= 695.05 over 1000 steps
Results from episode   1034: Total Reward= 620.83 over 1000 steps
Results from episode   1035: Total Reward= 613.87 over 1000 steps
Results from episode   1036: Total Reward= 651.51 over 1000 steps
Results from episode   1037: Total Reward= 579.87 over 1000 steps
Results from episode   1039: Total Reward= 644.34 over 1000 steps
Results from episode   1040: Total Reward= 676.57 over 1000 steps
Results from episode   1041: Total Reward= 581.44 over 1000 steps
Results from episode   1042: Total Reward= 656.72 over 1000 steps
Results from episode   1043: Total Reward= 285.92 over 534 steps
Results from episode   1044: Total Reward= 582.98 over 1000 steps
Results from episode   1045: Total Reward= 621.57 over 1000 steps
Results from episode   1046: Total Reward= 511.26 over 1000 steps
Results from episode   1047: Total Reward= 541.48 over 1000 steps
Results from episode   1048: Total Reward= 702.45 over 1000 steps
Results from episode   1050: Total Reward= 600.63 over 1000 steps
Results from episode   1051: Total Reward= 685.36 over 1000 steps
Results from episode   1052: Total Reward= 748.87 over 1000 steps
Results from episode   1053: Total Reward= 289.76 over 569 steps
Results from episode   1055: Total Reward= 683.41 over 1000 steps
Results from episode   1056: Total Reward= 427.97 over 1000 steps
Results from episode   1057: Total Reward= 602.16 over 1000 steps
Results from episode   1058: Total Reward= 776.55 over 1000 steps
Results from episode   1059: Total Reward= 753.83 over 1000 steps
Results from episode   1060: Total Reward= 680.70 over 1000 steps
Results from episode   1061: Total Reward= 643.14 over 1000 steps
Results from episode   1062: Total Reward= 721.87 over 1000 steps
Results from episode   1064: Total Reward= 549.98 over 1000 steps
Results from episode   1065: Total Reward= 634.49 over 1000 steps
Results from episode   1066: Total Reward= 688.67 over 1000 steps
Results from episode   1067: Total Reward= 710.41 over 1000 steps
Results from episode   1068: Total Reward= 674.49 over 1000 steps
Results from episode   1069: Total Reward= 589.80 over 1000 steps
Results from episode   1070: Total Reward= 666.86 over 1000 steps
Results from episode   1071: Total Reward= 477.67 over 774 steps
Results from episode   1072: Total Reward= 745.57 over 1000 steps
Results from episode   1075: Total Reward= 682.61 over 1000 steps
Results from episode   1076: Total Reward= 669.51 over 1000 steps
Results from episode   1077: Total Reward= 593.64 over 1000 steps
Results from episode   1079: Total Reward= 699.30 over 1000 steps
Results from episode   1080: Total Reward= 654.77 over 1000 steps
Results from episode   1081: Total Reward= 643.91 over 1000 steps
Results from episode   1083: Total Reward= 441.80 over 1000 steps
Results from episode   1084: Total Reward= 626.00 over 1000 steps
Results from episode   1085: Total Reward= 329.80 over 514 steps
Results from episode   1086: Total Reward= 741.77 over 1000 steps
Results from episode   1087: Total Reward= 476.43 over 1000 steps
Results from episode   1088: Total Reward= 405.20 over 561 steps
Results from episode   1089: Total Reward= 587.30 over 1000 steps
Results from episode   1090: Total Reward= 702.97 over 1000 steps
Results from episode   1091: Total Reward= 672.49 over 1000 steps
Results from episode   1093: Total Reward= 727.51 over 1000 steps
Results from episode   1094: Total Reward= 774.45 over 1000 steps
Results from episode   1095: Total Reward= 695.73 over 1000 steps
Results from episode   1096: Total Reward= 735.97 over 1000 steps
Results from episode   1097: Total Reward= 657.91 over 1000 steps
Results from episode   1098: Total Reward= 722.95 over 1000 steps
Results from episode   1099: Total Reward= 744.47 over 1000 steps
Results from episode   1100: Total Reward= 737.47 over 1000 steps
Results from episode   1101: Total Reward= 738.79 over 1000 steps
Results from episode   1102: Total Reward= 664.20 over 1000 steps
Results from episode   1103: Total Reward= 702.97 over 1000 steps
Results from episode   1104: Total Reward= 723.40 over 1000 steps
Results from episode   1105: Total Reward= 699.82 over 1000 steps
Results from episode   1107: Total Reward= 674.02 over 1000 steps
Results from episode   1109: Total Reward= 467.85 over 637 steps
Results from episode   1111: Total Reward= 726.65 over 1000 steps
Results from episode   1112: Total Reward= 637.09 over 1000 steps
Results from episode   1113: Total Reward= 703.07 over 1000 steps
Results from episode   1114: Total Reward= 635.37 over 1000 steps
Results from episode   1115: Total Reward= 595.89 over 1000 steps
Results from episode   1117: Total Reward= 619.46 over 1000 steps
Results from episode   1119: Total Reward= 724.35 over 1000 steps
Results from episode   1120: Total Reward= 727.35 over 1000 steps
Results from episode   1121: Total Reward= 678.98 over 1000 steps
Results from episode   1122: Total Reward= 647.33 over 1000 steps
Results from episode   1123: Total Reward= 733.74 over 1000 steps
Results from episode   1124: Total Reward= 714.11 over 1000 steps
Results from episode   1125: Total Reward= 719.99 over 1000 steps
Results from episode   1127: Total Reward= 697.60 over 1000 steps
Results from episode   1128: Total Reward= 652.41 over 1000 steps
Results from episode   1129: Total Reward= 593.76 over 1000 steps
Results from episode   1130: Total Reward= 525.60 over 1000 steps
Results from episode   1131: Total Reward= 622.51 over 1000 steps
Results from episode   1132: Total Reward= 670.97 over 1000 steps
Results from episode   1133: Total Reward= 727.10 over 1000 steps
Results from episode   1134: Total Reward= 756.23 over 1000 steps
Results from episode   1135: Total Reward= 738.70 over 1000 steps
Results from episode   1136: Total Reward= 750.88 over 1000 steps
Results from episode   1137: Total Reward= 633.96 over 1000 steps
Results from episode   1138: Total Reward= 606.59 over 1000 steps
Results from episode   1139: Total Reward= 739.90 over 1000 steps
Results from episode   1140: Total Reward= 549.39 over 1000 steps
Results from episode   1141: Total Reward= 643.88 over 1000 steps
Results from episode   1142: Total Reward= 393.79 over 735 steps
Results from episode   1145: Total Reward= 641.35 over 1000 steps
Results from episode   1146: Total Reward= 630.19 over 1000 steps
Results from episode   1147: Total Reward= 739.12 over 1000 steps
Results from episode   1148: Total Reward= 695.16 over 1000 steps
Results from episode   1149: Total Reward= 659.57 over 1000 steps
Results from episode   1150: Total Reward= 710.97 over 1000 steps
Results from episode   1151: Total Reward= 722.65 over 1000 steps
Results from episode   1152: Total Reward= 639.81 over 944 steps
Results from episode   1153: Total Reward= 660.67 over 1000 steps
Results from episode   1154: Total Reward= 641.44 over 1000 steps
Results from episode   1155: Total Reward= 599.20 over 1000 steps
Results from episode   1156: Total Reward= 668.66 over 1000 steps
Results from episode   1157: Total Reward= 719.25 over 1000 steps
Results from episode   1158: Total Reward= 511.65 over 1000 steps
Results from episode   1159: Total Reward= 786.19 over 1000 steps
Results from episode   1160: Total Reward= 600.25 over 1000 steps
Results from episode   1161: Total Reward= 651.35 over 1000 steps
Results from episode   1163: Total Reward= 500.14 over 1000 steps
Results from episode   1164: Total Reward= 750.96 over 1000 steps
Results from episode   1166: Total Reward= 653.28 over 1000 steps
Results from episode   1167: Total Reward= 726.56 over 1000 steps
Results from episode   1169: Total Reward= 740.95 over 1000 steps
Results from episode   1171: Total Reward= 708.95 over 1000 steps
Results from episode   1172: Total Reward= 724.59 over 1000 steps
Results from episode   1173: Total Reward= 719.00 over 1000 steps
Results from episode   1174: Total Reward= 605.90 over 1000 steps
Results from episode   1175: Total Reward= 773.68 over 1000 steps
Results from episode   1176: Total Reward= 613.35 over 1000 steps
Results from episode   1178: Total Reward= 628.38 over 1000 steps
Results from episode   1179: Total Reward= 717.42 over 1000 steps
Results from episode   1180: Total Reward= 743.76 over 1000 steps
Results from episode   1181: Total Reward= 586.91 over 1000 steps
Results from episode   1182: Total Reward= 699.50 over 1000 steps
Results from episode   1183: Total Reward= 743.00 over 1000 steps
Results from episode   1184: Total Reward= 613.89 over 1000 steps
Results from episode   1185: Total Reward= 536.24 over 1000 steps
Results from episode   1186: Total Reward= 682.90 over 1000 steps
Results from episode   1187: Total Reward= 570.73 over 1000 steps
Results from episode   1188: Total Reward= 563.82 over 1000 steps
Results from episode   1189: Total Reward= 665.16 over 1000 steps
Results from episode   1190: Total Reward= 596.55 over 850 steps
Results from episode   1191: Total Reward= 481.12 over 812 steps
Results from episode   1192: Total Reward= 487.29 over 657 steps
Results from episode   1193: Total Reward= 685.68 over 1000 steps
Results from episode   1195: Total Reward= 345.61 over 668 steps
Results from episode   1196: Total Reward= 753.65 over 1000 steps
Results from episode   1197: Total Reward= 696.15 over 1000 steps
Results from episode   1199: Total Reward= 742.78 over 1000 steps
Results from episode   1200: Total Reward= 705.58 over 1000 steps
Results from episode   1201: Total Reward= 681.87 over 1000 steps
Results from episode   1202: Total Reward= 668.72 over 1000 steps
Results from episode   1203: Total Reward= 703.15 over 1000 steps
Results from episode   1204: Total Reward= 721.15 over 1000 steps
Results from episode   1208: Total Reward= 689.08 over 1000 steps
Results from episode   1210: Total Reward= 699.50 over 1000 steps
Results from episode   1211: Total Reward= 679.52 over 1000 steps
Results from episode   1212: Total Reward= 744.25 over 1000 steps
Results from episode   1213: Total Reward= 733.87 over 1000 steps
Results from episode   1214: Total Reward= 717.41 over 1000 steps
Results from episode   1215: Total Reward= 674.17 over 1000 steps
Results from episode   1216: Total Reward= 641.21 over 1000 steps
Results from episode   1217: Total Reward= 443.65 over 627 steps
Results from episode   1219: Total Reward= 744.96 over 1000 steps
Results from episode   1220: Total Reward= 689.10 over 1000 steps
Results from episode   1221: Total Reward= 674.20 over 1000 steps
Results from episode   1222: Total Reward= 707.23 over 1000 steps
Results from episode   1223: Total Reward= 684.33 over 1000 steps
Results from episode   1225: Total Reward= 370.03 over 590 steps
Results from episode   1226: Total Reward= 734.80 over 1000 steps
Results from episode   1227: Total Reward= 606.63 over 1000 steps
Results from episode   1228: Total Reward= 687.30 over 1000 steps
Results from episode   1229: Total Reward= 429.91 over 588 steps
Results from episode   1230: Total Reward= 665.12 over 1000 steps
Results from episode   1231: Total Reward= 731.90 over 1000 steps
Results from episode   1233: Total Reward= 693.43 over 1000 steps
Results from episode   1234: Total Reward= 638.94 over 1000 steps
Results from episode   1236: Total Reward= 712.42 over 1000 steps
Results from episode   1237: Total Reward= 721.17 over 1000 steps
Results from episode   1238: Total Reward= 693.61 over 1000 steps
Results from episode   1240: Total Reward= 362.85 over 514 steps
Results from episode   1242: Total Reward= 694.77 over 1000 steps
Results from episode   1243: Total Reward= 572.84 over 1000 steps
Results from episode   1245: Total Reward= 738.37 over 1000 steps
Results from episode   1246: Total Reward= 744.19 over 1000 steps
Results from episode   1247: Total Reward= 696.31 over 1000 steps
Results from episode   1248: Total Reward= 695.20 over 1000 steps
Results from episode   1250: Total Reward= 708.11 over 1000 steps
Results from episode   1251: Total Reward= 595.74 over 864 steps
Results from episode   1253: Total Reward= 687.65 over 1000 steps
Results from episode   1254: Total Reward= 633.65 over 1000 steps
Results from episode   1257: Total Reward= 680.31 over 1000 steps
Results from episode   1258: Total Reward= 675.86 over 1000 steps
Results from episode   1259: Total Reward= 468.45 over 705 steps
Results from episode   1260: Total Reward= 694.32 over 1000 steps
Results from episode   1261: Total Reward= 726.69 over 1000 steps
Results from episode   1262: Total Reward= 557.91 over 748 steps
Results from episode   1263: Total Reward= 557.56 over 1000 steps
Results from episode   1265: Total Reward= 678.88 over 1000 steps
Results from episode   1266: Total Reward= 502.56 over 1000 steps
Results from episode   1268: Total Reward= 567.68 over 1000 steps
Results from episode   1269: Total Reward= 695.40 over 1000 steps
Results from episode   1271: Total Reward= 743.39 over 1000 steps
Results from episode   1272: Total Reward= 724.50 over 1000 steps
Results from episode   1273: Total Reward= 268.03 over 508 steps
Results from episode   1274: Total Reward= 695.36 over 1000 steps
Results from episode   1276: Total Reward= 735.38 over 1000 steps
Results from episode   1277: Total Reward= 733.47 over 1000 steps
Results from episode   1278: Total Reward= 707.07 over 1000 steps
Results from episode   1279: Total Reward= 735.60 over 1000 steps
Results from episode   1280: Total Reward= 603.33 over 1000 steps
Results from episode   1282: Total Reward= 726.11 over 1000 steps
Results from episode   1283: Total Reward= 737.04 over 1000 steps
Results from episode   1284: Total Reward= 461.76 over 715 steps
Results from episode   1286: Total Reward= 704.14 over 1000 steps
Results from episode   1287: Total Reward= 714.36 over 1000 steps
Results from episode   1289: Total Reward= 760.52 over 1000 steps
Results from episode   1290: Total Reward= 704.42 over 1000 steps
Results from episode   1291: Total Reward= 695.75 over 1000 steps
Results from episode   1293: Total Reward= 755.49 over 1000 steps
Results from episode   1294: Total Reward= 766.28 over 1000 steps
Results from episode   1295: Total Reward= 444.29 over 1000 steps
Results from episode   1296: Total Reward= 680.42 over 1000 steps
Results from episode   1298: Total Reward= 721.88 over 1000 steps
Results from episode   1299: Total Reward= 695.52 over 1000 steps
Results from episode   1300: Total Reward= 688.59 over 1000 steps
Results from episode   1301: Total Reward= 383.41 over 1000 steps
Results from episode   1302: Total Reward= 631.13 over 1000 steps
Results from episode   1303: Total Reward= 742.94 over 1000 steps
Results from episode   1305: Total Reward= 612.65 over 1000 steps
Results from episode   1306: Total Reward= 752.66 over 1000 steps
Results from episode   1307: Total Reward= 772.18 over 1000 steps
Results from episode   1308: Total Reward= 672.88 over 1000 steps
Results from episode   1309: Total Reward= 470.30 over 1000 steps
Results from episode   1310: Total Reward= 742.55 over 1000 steps
Results from episode   1311: Total Reward= 729.99 over 1000 steps
Results from episode   1312: Total Reward= 390.58 over 532 steps
Results from episode   1313: Total Reward= 456.70 over 905 steps
Results from episode   1315: Total Reward= 688.26 over 1000 steps
Results from episode   1316: Total Reward= 513.61 over 775 steps
Results from episode   1318: Total Reward= 382.45 over 523 steps
Results from episode   1319: Total Reward= 590.27 over 1000 steps
Results from episode   1322: Total Reward= 749.18 over 1000 steps
Results from episode   1325: Total Reward= 716.78 over 1000 steps
Results from episode   1326: Total Reward= 565.32 over 1000 steps
Results from episode   1327: Total Reward= 704.36 over 1000 steps
Results from episode   1328: Total Reward= 641.64 over 1000 steps
Results from episode   1329: Total Reward= 421.55 over 585 steps
Results from episode   1330: Total Reward= 713.48 over 1000 steps
Results from episode   1331: Total Reward= 703.69 over 1000 steps
Results from episode   1334: Total Reward= 504.50 over 1000 steps
Results from episode   1336: Total Reward= 536.61 over 791 steps
Results from episode   1337: Total Reward= 577.85 over 1000 steps
Results from episode   1338: Total Reward= 747.56 over 1000 steps
Results from episode   1339: Total Reward= 421.27 over 750 steps
Results from episode   1340: Total Reward= 517.74 over 1000 steps
Results from episode   1341: Total Reward= 685.69 over 1000 steps
Results from episode   1342: Total Reward= 707.27 over 1000 steps
Results from episode   1343: Total Reward= 706.58 over 1000 steps
Results from episode   1346: Total Reward= 739.18 over 1000 steps
Results from episode   1348: Total Reward= 722.66 over 1000 steps
Results from episode   1349: Total Reward= 651.51 over 1000 steps
Results from episode   1350: Total Reward= 442.03 over 1000 steps
Results from episode   1351: Total Reward= 725.29 over 1000 steps
Results from episode   1352: Total Reward= 708.70 over 1000 steps
Results from episode   1353: Total Reward= 667.93 over 1000 steps
Results from episode   1357: Total Reward= 617.43 over 1000 steps
Results from episode   1360: Total Reward= 748.14 over 1000 steps
Results from episode   1361: Total Reward= 393.95 over 667 steps
Results from episode   1362: Total Reward= 741.24 over 1000 steps
Results from episode   1364: Total Reward= 661.56 over 1000 steps
Results from episode   1365: Total Reward= 674.11 over 1000 steps
Results from episode   1366: Total Reward= 658.87 over 1000 steps
Results from episode   1367: Total Reward= 746.21 over 1000 steps
Results from episode   1368: Total Reward= 397.49 over 677 steps
Results from episode   1370: Total Reward= 620.72 over 1000 steps
Results from episode   1371: Total Reward= 722.68 over 1000 steps
Results from episode   1374: Total Reward= 744.68 over 1000 steps
Results from episode   1375: Total Reward= 639.73 over 1000 steps
Results from episode   1378: Total Reward= 629.31 over 903 steps
Results from episode   1379: Total Reward= 595.80 over 1000 steps
Results from episode   1380: Total Reward= 638.51 over 917 steps
Results from episode   1381: Total Reward= 756.25 over 1000 steps
Results from episode   1382: Total Reward= 609.88 over 1000 steps
Results from episode   1383: Total Reward= 444.86 over 1000 steps
Results from episode   1384: Total Reward= 356.82 over 544 steps
Results from episode   1388: Total Reward= 750.85 over 1000 steps
Results from episode   1389: Total Reward= 741.27 over 1000 steps
Results from episode   1391: Total Reward= 709.73 over 1000 steps
Results from episode   1396: Total Reward= 715.22 over 1000 steps
Results from episode   1399: Total Reward= 719.71 over 1000 steps
Results from episode   1401: Total Reward= 734.24 over 1000 steps
Results from episode   1403: Total Reward= 545.09 over 1000 steps
Results from episode   1404: Total Reward= 578.72 over 1000 steps
Results from episode   1406: Total Reward= 535.73 over 1000 steps
Results from episode   1407: Total Reward= 715.69 over 1000 steps
Results from episode   1410: Total Reward= 692.65 over 1000 steps
Results from episode   1411: Total Reward= 723.19 over 1000 steps
Results from episode   1413: Total Reward= 639.95 over 1000 steps
Results from episode   1417: Total Reward= 448.48 over 734 steps
Results from episode   1420: Total Reward= 704.42 over 1000 steps
Results from episode   1421: Total Reward= 660.08 over 1000 steps
Results from episode   1422: Total Reward= 714.04 over 1000 steps
Results from episode   1423: Total Reward= 667.36 over 1000 steps
Results from episode   1425: Total Reward= 662.24 over 1000 steps
Results from episode   1429: Total Reward= 545.31 over 1000 steps
Results from episode   1430: Total Reward= 712.06 over 1000 steps
Results from episode   1431: Total Reward= 748.66 over 1000 steps
Results from episode   1433: Total Reward= 592.62 over 1000 steps
Results from episode   1436: Total Reward= 615.73 over 1000 steps
Results from episode   1438: Total Reward= 729.32 over 1000 steps
Results from episode   1442: Total Reward= 461.64 over 741 steps
Results from episode   1447: Total Reward= 758.23 over 1000 steps
Results from episode   1448: Total Reward= 762.64 over 1000 steps
Results from episode   1451: Total Reward= 751.65 over 1000 steps
Results from episode   1455: Total Reward= 728.08 over 1000 steps
Results from episode   1456: Total Reward= 784.51 over 1000 steps
Results from episode   1457: Total Reward= 688.97 over 1000 steps
Results from episode   1458: Total Reward= 708.97 over 1000 steps
Results from episode   1459: Total Reward= 767.92 over 1000 steps
Results from episode   1460: Total Reward= 629.28 over 956 steps
Results from episode   1462: Total Reward= 538.04 over 1000 steps
Results from episode   1464: Total Reward= 666.50 over 936 steps
Results from episode   1465: Total Reward= 742.55 over 1000 steps
Results from episode   1466: Total Reward= 748.05 over 1000 steps
Results from episode   1467: Total Reward= 780.20 over 1000 steps
Results from episode   1468: Total Reward= 582.31 over 825 steps
Results from episode   1469: Total Reward= 359.50 over 573 steps
Results from episode   1471: Total Reward= 324.00 over 523 steps
Results from episode   1474: Total Reward= 739.08 over 1000 steps
Results from episode   1475: Total Reward= 789.17 over 1000 steps
Results from episode   1478: Total Reward= 734.68 over 1000 steps
Results from episode   1479: Total Reward= 731.70 over 1000 steps
Results from episode   1481: Total Reward= 711.80 over 1000 steps
Results from episode   1483: Total Reward= 465.74 over 1000 steps
Results from episode   1484: Total Reward= 665.36 over 1000 steps
Results from episode   1485: Total Reward= 355.24 over 569 steps
Results from episode   1486: Total Reward= 598.39 over 1000 steps
Results from episode   1487: Total Reward= 708.19 over 1000 steps
Results from episode   1488: Total Reward= 712.24 over 1000 steps
Results from episode   1489: Total Reward= 436.43 over 644 steps
Results from episode   1490: Total Reward= 455.32 over 1000 steps
Results from episode   1491: Total Reward= 727.12 over 1000 steps
Results from episode   1492: Total Reward= 536.30 over 1000 steps
Results from episode   1493: Total Reward= 751.40 over 1000 steps
Results from episode   1495: Total Reward= 604.28 over 801 steps
Results from episode   1496: Total Reward= 714.91 over 1000 steps
Results from episode   1497: Total Reward= 656.83 over 1000 steps
Results from episode   1498: Total Reward= 760.79 over 1000 steps
Results from episode   1499: Total Reward= 755.49 over 1000 steps
Results from episode   1500: Total Reward= 750.11 over 1000 steps
Results from episode   1502: Total Reward= 539.36 over 1000 steps
Results from episode   1505: Total Reward= 771.88 over 1000 steps
Results from episode   1506: Total Reward= 661.43 over 925 steps
Results from episode   1508: Total Reward= 748.51 over 1000 steps
Results from episode   1510: Total Reward= 772.83 over 1000 steps
Results from episode   1513: Total Reward= 694.93 over 1000 steps
Results from episode   1515: Total Reward= 386.53 over 574 steps
Results from episode   1516: Total Reward= 748.70 over 1000 steps
Results from episode   1519: Total Reward= 673.58 over 1000 steps
Results from episode   1520: Total Reward= 703.36 over 1000 steps
Results from episode   1522: Total Reward= 711.43 over 1000 steps
Results from episode   1524: Total Reward= 798.44 over 1000 steps
Results from episode   1526: Total Reward= 746.31 over 1000 steps
Results from episode   1528: Total Reward= 775.27 over 1000 steps
Results from episode   1529: Total Reward= 741.18 over 1000 steps
Results from episode   1531: Total Reward= 379.72 over 647 steps
Results from episode   1532: Total Reward= 788.95 over 1000 steps
Results from episode   1534: Total Reward= 368.29 over 547 steps
Results from episode   1537: Total Reward= 720.09 over 1000 steps
Results from episode   1539: Total Reward= 638.73 over 1000 steps
Results from episode   1540: Total Reward= 347.40 over 568 steps
Results from episode   1541: Total Reward= 513.10 over 1000 steps
Results from episode   1542: Total Reward= 689.72 over 1000 steps
Results from episode   1545: Total Reward= 760.14 over 1000 steps
Results from episode   1546: Total Reward= 777.96 over 1000 steps
Results from episode   1547: Total Reward= 647.90 over 1000 steps
Results from episode   1550: Total Reward= 749.27 over 1000 steps
Results from episode   1551: Total Reward= 764.28 over 1000 steps
Results from episode   1552: Total Reward= 336.66 over 536 steps
Results from episode   1553: Total Reward= 682.53 over 1000 steps
Results from episode   1554: Total Reward= 449.46 over 587 steps
Results from episode   1555: Total Reward= 764.19 over 1000 steps
Results from episode   1557: Total Reward= 762.07 over 1000 steps
Results from episode   1558: Total Reward= 766.11 over 1000 steps
Results from episode   1560: Total Reward= 751.06 over 1000 steps
Results from episode   1562: Total Reward= 669.80 over 1000 steps
Results from episode   1563: Total Reward= 689.53 over 1000 steps
Results from episode   1567: Total Reward= 705.57 over 1000 steps
Results from episode   1568: Total Reward= 711.30 over 1000 steps
Results from episode   1570: Total Reward= 457.01 over 841 steps
Results from episode   1572: Total Reward= 735.16 over 1000 steps
Results from episode   1573: Total Reward= 503.78 over 768 steps
Results from episode   1582: Total Reward= 522.93 over 1000 steps
Results from episode   1583: Total Reward= 545.69 over 1000 steps
Results from episode   1584: Total Reward= 742.77 over 1000 steps
Results from episode   1586: Total Reward= 756.38 over 1000 steps
Results from episode   1587: Total Reward= 707.09 over 1000 steps
Results from episode   1588: Total Reward= 609.34 over 1000 steps
Results from episode   1591: Total Reward= 317.78 over 598 steps
Results from episode   1592: Total Reward= 637.95 over 1000 steps
Results from episode   1595: Total Reward= 812.72 over 1000 steps

 WE HAVE CLEARED THE HURDLE!!

Results from episode   1596: Total Reward= 755.97 over 1000 steps
Results from episode   1619: Total Reward= 784.21 over 1000 steps
Results from episode   1627: Total Reward= 679.74 over 1000 steps
Results from episode   1632: Total Reward= 339.02 over 606 steps
Results from episode   1635: Total Reward= 723.29 over 1000 steps
Results from episode   1636: Total Reward= 712.38 over 1000 steps
Results from episode   1644: Total Reward= 296.61 over 502 steps
Results from episode   1646: Total Reward= 446.80 over 773 steps
Results from episode   1647: Total Reward= 741.49 over 1000 steps
Results from episode   1649: Total Reward= 755.92 over 1000 steps
Results from episode   1650: Total Reward= 730.90 over 1000 steps
Results from episode   1651: Total Reward= 754.33 over 1000 steps
Results from episode   1652: Total Reward= 382.11 over 553 steps
Results from episode   1655: Total Reward= 579.87 over 905 steps
Results from episode   1656: Total Reward= 605.84 over 1000 steps
Results from episode   1657: Total Reward= 651.74 over 1000 steps
Results from episode   1658: Total Reward= 725.39 over 1000 steps
Results from episode   1659: Total Reward= 774.99 over 1000 steps
Results from episode   1668: Total Reward= 767.19 over 1000 steps
Results from episode   1670: Total Reward= 720.39 over 1000 steps
Results from episode   1674: Total Reward= 645.18 over 1000 steps
Results from episode   1675: Total Reward= 684.76 over 1000 steps
Results from episode   1681: Total Reward= 579.51 over 1000 steps
Results from episode   1682: Total Reward= 463.57 over 827 steps
Results from episode   1683: Total Reward= 426.18 over 557 steps
Results from episode   1686: Total Reward= 445.28 over 672 steps
Results from episode   1687: Total Reward= 676.93 over 1000 steps
Results from episode   1696: Total Reward= 411.62 over 574 steps
Results from episode   1702: Total Reward= 695.56 over 1000 steps
Results from episode   1705: Total Reward= 691.56 over 1000 steps
Results from episode   1711: Total Reward= 686.41 over 1000 steps
Results from episode   1713: Total Reward= 333.66 over 589 steps
Results from episode   1714: Total Reward= 660.18 over 1000 steps
Results from episode   1715: Total Reward= 753.51 over 1000 steps
Results from episode   1730: Total Reward= 763.45 over 1000 steps
Results from episode   1740: Total Reward= 746.66 over 1000 steps
Results from episode   1748: Total Reward= 711.11 over 1000 steps
Results from episode   1756: Total Reward= 381.54 over 621 steps
Results from episode   1762: Total Reward= 684.10 over 1000 steps
Results from episode   1777: Total Reward= 763.01 over 1000 steps
Results from episode   1779: Total Reward= 503.24 over 1000 steps
Results from episode   1794: Total Reward= 694.51 over 1000 steps
Results from episode   1801: Total Reward= 711.12 over 1000 steps
Results from episode   1806: Total Reward= 429.55 over 1000 steps
Results from episode   1809: Total Reward= 557.49 over 1000 steps
Results from episode   1813: Total Reward= 360.61 over 549 steps
Results from episode   1821: Total Reward= 752.14 over 1000 steps
Results from episode   1825: Total Reward= 289.08 over 512 steps
Results from episode   1827: Total Reward= 299.56 over 513 steps
Results from episode   1828: Total Reward= 614.66 over 1000 steps
Results from episode   1829: Total Reward= 633.75 over 1000 steps
Results from episode   1848: Total Reward= 712.54 over 1000 steps
Results from episode   1850: Total Reward= 702.26 over 1000 steps
Results from episode   1851: Total Reward= 651.43 over 1000 steps
Results from episode   1852: Total Reward= 347.58 over 611 steps
Results from episode   1863: Total Reward= 627.80 over 1000 steps
Results from episode   1867: Total Reward= 767.04 over 1000 steps
Results from episode   1869: Total Reward= 471.77 over 670 steps
Results from episode   1875: Total Reward= 704.54 over 1000 steps
Results from episode   1876: Total Reward= 716.42 over 1000 steps
Results from episode   1895: Total Reward= 651.81 over 1000 steps
Results from episode   1898: Total Reward= 397.15 over 682 steps
Results from episode   1904: Total Reward= 565.73 over 812 steps
Results from episode   1906: Total Reward= 731.77 over 1000 steps
Results from episode   1908: Total Reward= 703.67 over 1000 steps
Results from episode   1911: Total Reward= 607.20 over 1000 steps
Results from episode   1912: Total Reward= 538.23 over 808 steps
Results from episode   1917: Total Reward= 762.36 over 1000 steps
Results from episode   1923: Total Reward= 382.69 over 657 steps
Results from episode   1932: Total Reward= 696.33 over 1000 steps
Results from episode   1934: Total Reward= 435.63 over 694 steps
Results from episode   1948: Total Reward= 501.92 over 756 steps
Results from episode   1960: Total Reward= 683.98 over 1000 steps
Results from episode   1961: Total Reward= 698.38 over 1000 steps
Results from episode   1973: Total Reward= 433.60 over 732 steps
Results from episode   1974: Total Reward= 408.81 over 595 steps
Results from episode   1980: Total Reward= 698.11 over 1000 steps
Results from episode   1990: Total Reward= 555.03 over 1000 steps
Results from episode   1995: Total Reward= 683.32 over 1000 steps
Results from episode   2000: Total Reward=  81.02 over 143 steps
Results from episode   2004: Total Reward= 426.11 over 634 steps
Results from episode   2011: Total Reward= 547.97 over 1000 steps
Results from episode   2036: Total Reward= 678.71 over 895 steps
Results from episode   2050: Total Reward= 374.67 over 549 steps
Results from episode   2053: Total Reward= 429.88 over 746 steps
Results from episode   2056: Total Reward= 696.55 over 1000 steps
Results from episode   2063: Total Reward= 409.76 over 539 steps
Results from episode   2064: Total Reward= 531.62 over 721 steps
Results from episode   2090: Total Reward= 700.81 over 1000 steps
Results from episode   2118: Total Reward= 343.95 over 565 steps
Results from episode   2119: Total Reward= 718.94 over 1000 steps
Results from episode   2121: Total Reward= 388.34 over 612 steps
Results from episode   2125: Total Reward= 515.60 over 772 steps
Results from episode   2157: Total Reward= 674.89 over 1000 steps
Results from episode   2162: Total Reward= 695.59 over 1000 steps
Results from episode   2171: Total Reward= 644.76 over 1000 steps
Results from episode   2172: Total Reward= 701.30 over 1000 steps
Results from episode   2175: Total Reward= 602.16 over 806 steps
Results from episode   2179: Total Reward= 633.19 over 944 steps
Results from episode   2187: Total Reward= 371.31 over 698 steps
Results from episode   2189: Total Reward= 691.41 over 1000 steps
Results from episode   2200: Total Reward= 347.79 over 541 steps
Results from episode   2206: Total Reward= 708.80 over 1000 steps
Results from episode   2209: Total Reward= 644.31 over 1000 steps
Results from episode   2241: Total Reward= 326.26 over 555 steps
Results from episode   2254: Total Reward= 693.80 over 1000 steps
Results from episode   2268: Total Reward= 705.45 over 1000 steps
Results from episode   2284: Total Reward= 669.32 over 1000 steps
Results from episode   2289: Total Reward= 413.96 over 632 steps
Results from episode   2346: Total Reward= 786.85 over 1000 steps
Results from episode   2370: Total Reward= 583.60 over 1000 steps
Results from episode   2378: Total Reward= 626.90 over 1000 steps
Results from episode   2411: Total Reward= 679.68 over 971 steps
Results from episode   2412: Total Reward= 609.36 over 1000 steps
Results from episode   2416: Total Reward= 688.03 over 1000 steps
Results from episode   2435: Total Reward= 679.72 over 1000 steps
Results from episode   2518: Total Reward= 610.85 over 1000 steps
Results from episode   2522: Total Reward= 646.21 over 1000 steps
Results from episode   2530: Total Reward= 318.52 over 504 steps
Results from episode   2545: Total Reward= 439.76 over 642 steps
Results from episode   2557: Total Reward= 679.89 over 1000 steps
Results from episode   2578: Total Reward= 704.49 over 1000 steps
Results from episode   2627: Total Reward= 704.18 over 1000 steps
Results from episode   2640: Total Reward= 664.57 over 1000 steps
Results from episode   2664: Total Reward= 628.18 over 1000 steps
Results from episode   2673: Total Reward= 589.22 over 1000 steps
Results from episode   2694: Total Reward= 702.73 over 1000 steps
Results from episode   2719: Total Reward= 304.38 over 575 steps
Results from episode   2784: Total Reward= 575.11 over 1000 steps
Results from episode   2871: Total Reward= 300.51 over 512 steps
Results from episode   2876: Total Reward= 457.37 over 773 steps
Results from episode   2931: Total Reward= 687.30 over 1000 steps
Results from episode   2957: Total Reward= 369.42 over 551 steps
Results from episode   2979: Total Reward= 327.92 over 551 steps
Results from episode   3000: Total Reward=   8.32 over  21 steps
Results from episode   3011: Total Reward= 297.36 over 527 steps
Results from episode   3032: Total Reward= 381.08 over 581 steps
Results from episode   3060: Total Reward= 708.59 over 1000 steps
Results from episode   3084: Total Reward= 636.80 over 1000 steps
Results from episode   3134: Total Reward= 582.90 over 1000 steps
Results from episode   3168: Total Reward= 340.28 over 577 steps
Results from episode   3176: Total Reward= 603.62 over 1000 steps
Results from episode   3203: Total Reward= 587.24 over 1000 steps
Results from episode   3228: Total Reward= 686.83 over 1000 steps
Results from episode   3316: Total Reward= 374.91 over 556 steps
Results from episode   3389: Total Reward= 334.84 over 519 steps
Results from episode   3392: Total Reward= 738.92 over 1000 steps
Results from episode   3428: Total Reward= 592.06 over 1000 steps
Results from episode   3470: Total Reward= 683.61 over 1000 steps
Results from episode   3487: Total Reward= 547.40 over 754 steps
Results from episode   3511: Total Reward= 691.66 over 1000 steps
Results from episode   3624: Total Reward= 670.63 over 1000 steps
Results from episode   3649: Total Reward= 739.80 over 1000 steps
Results from episode   3691: Total Reward= 597.60 over 1000 steps
Results from episode   3811: Total Reward= 585.38 over 1000 steps
Results from episode   3830: Total Reward= 630.45 over 1000 steps
Results from episode   3882: Total Reward= 699.52 over 1000 steps
Results from episode   3913: Total Reward= 690.70 over 1000 steps
Results from episode   3951: Total Reward= 637.16 over 930 steps
Results from episode   4000: Total Reward=   9.34 over  20 steps
Results from episode   4025: Total Reward= 596.42 over 1000 steps
Results from episode   4041: Total Reward= 719.79 over 1000 steps
Results from episode   4056: Total Reward= 341.77 over 532 steps
Results from episode   4127: Total Reward= 564.30 over 1000 steps
Results from episode   4245: Total Reward= 322.48 over 558 steps
Results from episode   4251: Total Reward= 629.14 over 1000 steps
Results from episode   4358: Total Reward= 313.40 over 525 steps
Results from episode   4397: Total Reward= 297.27 over 526 steps
Results from episode   4481: Total Reward= 697.92 over 1000 steps
Results from episode   4556: Total Reward= 395.17 over 549 steps
Results from episode   4825: Total Reward= 701.06 over 1000 steps
Results from episode   4950: Total Reward= 662.38 over 989 steps
Results from episode   5000: Total Reward=   8.74 over  20 steps
Results from episode   5453: Total Reward= 635.72 over 1000 steps
Results from episode   5559: Total Reward= 603.25 over 1000 steps
Results from episode   5693: Total Reward= 683.59 over 1000 steps
Results from episode   5753: Total Reward= 625.10 over 1000 steps
Results from episode   6000: Total Reward=   8.94 over  20 steps
Results from episode   6625: Total Reward= 625.20 over 1000 steps
Results from episode   6979: Total Reward= 461.78 over 717 steps
Results from episode   7000: Total Reward=   9.07 over  20 steps
Results from episode   7495: Total Reward= 479.70 over 711 steps
Results from episode   7766: Total Reward= 712.72 over 1000 steps
Results from episode   8000: Total Reward=   8.47 over  20 steps
Results from episode   8002: Total Reward= 490.71 over 889 steps
Results from episode   8179: Total Reward= 698.83 over 1000 steps
Results from episode   8639: Total Reward= 608.27 over 901 steps
Results from episode   9000: Total Reward=   9.00 over  20 steps
Results from episode  10000: Total Reward=   8.98 over  21 steps
Results from episode  10224: Total Reward= 485.78 over 718 steps
Results from episode  11000: Total Reward=   8.98 over  20 steps
Results from episode  11225: Total Reward= 341.34 over 590 steps
Results from episode  12000: Total Reward=   9.26 over  20 steps
Results from episode  13000: Total Reward=   9.04 over  20 steps
Results from episode  13430: Total Reward= 688.16 over 1000 steps
Results from episode  14000: Total Reward=   9.25 over  20 steps
Results from episode  15000: Total Reward=   9.06 over  20 steps
Results from episode  16000: Total Reward=   9.18 over  20 steps
Results from episode  16275: Total Reward= 337.97 over 544 steps
Results from episode  17000: Total Reward=   9.43 over  20 steps
Results from episode  18000: Total Reward=   9.44 over  20 steps
Results from episode  19000: Total Reward=   9.33 over  20 steps
Results from episode  20000: Total Reward=   9.27 over  20 steps
Results from episode  21000: Total Reward=   9.42 over  20 steps
Results from episode  22000: Total Reward=   9.56 over  20 steps
Results from episode  23000: Total Reward=   9.27 over  20 steps
Results from episode  24000: Total Reward=   9.49 over  20 steps
Results from episode  24140: Total Reward= 669.14 over 1000 steps
Results from episode  24355: Total Reward= 743.44 over 970 steps
Results from episode  25000: Total Reward=   9.24 over  20 steps
Results from episode  26000: Total Reward=   9.54 over  20 steps
Results from episode  27000: Total Reward=   9.51 over  20 steps
Results from episode  28000: Total Reward=   9.54 over  20 steps
Results from episode  29000: Total Reward=   9.55 over  20 steps
Results from episode  30000: Total Reward=   9.39 over  20 steps
Results from episode  31000: Total Reward=   9.63 over  20 steps
Results from episode  32000: Total Reward=   9.53 over  20 steps
Results from episode  33000: Total Reward=   9.72 over  20 steps
Results from episode  34000: Total Reward=   9.53 over  20 steps
Results from episode  35000: Total Reward=   9.77 over  20 steps
Results from episode  36000: Total Reward=   9.78 over  20 steps
Results from episode  37000: Total Reward=   9.71 over  20 steps
Results from episode  38000: Total Reward=   9.77 over  20 steps
Results from episode  39000: Total Reward=   9.64 over  20 steps
Results from episode  40000: Total Reward=   9.77 over  20 steps
Results from episode  41000: Total Reward=   9.77 over  20 steps
Results from episode  42000: Total Reward=   9.75 over  20 steps
Results from episode  43000: Total Reward=   9.81 over  20 steps
Results from episode  44000: Total Reward=   9.67 over  20 steps
Results from episode  45000: Total Reward=   9.82 over  20 steps
Results from episode  46000: Total Reward=   9.85 over  20 steps
Results from episode  47000: Total Reward=   9.81 over  20 steps
Results from episode  48000: Total Reward=   9.83 over  20 steps
Results from episode  49000: Total Reward=   9.82 over  20 steps
Results from episode  50000: Total Reward=   9.88 over  20 steps
Results from episode  51000: Total Reward=   9.88 over  20 steps
Results from episode  52000: Total Reward=   9.80 over  20 steps
Results from episode  53000: Total Reward=   9.75 over  20 steps
Results from episode  54000: Total Reward=   9.89 over  20 steps
Results from episode  55000: Total Reward=   9.86 over  20 steps
Results from episode  56000: Total Reward=   9.86 over  20 steps
Results from episode  57000: Total Reward=   9.89 over  20 steps
Results from episode  58000: Total Reward=   9.91 over  20 steps
Results from episode  59000: Total Reward=   9.88 over  20 steps
Results from episode  60000: Total Reward=   9.90 over  20 steps
Results from episode  61000: Total Reward=   9.82 over  20 steps
Results from episode  62000: Total Reward=   9.87 over  20 steps
Results from episode  63000: Total Reward=   9.90 over  20 steps
Results from episode  64000: Total Reward=   9.86 over  20 steps
Results from episode  65000: Total Reward=   9.83 over  20 steps
Results from episode  66000: Total Reward=   9.91 over  20 steps
Results from episode  67000: Total Reward=   9.87 over  20 steps
Results from episode  68000: Total Reward=   9.89 over  20 steps
Results from episode  69000: Total Reward=   9.90 over  20 steps
Results from episode  70000: Total Reward=   9.90 over  20 steps
Results from episode  71000: Total Reward=   9.93 over  20 steps
Results from episode  72000: Total Reward=   9.88 over  20 steps
Results from episode  73000: Total Reward=   9.91 over  20 steps
Results from episode  74000: Total Reward=   9.90 over  20 steps
Results from episode  75000: Total Reward=   9.93 over  20 steps
Results from episode  76000: Total Reward=   9.93 over  20 steps
Results from episode  77000: Total Reward=   9.94 over  20 steps
Results from episode  78000: Total Reward=   9.92 over  20 steps
Results from episode  79000: Total Reward=   9.94 over  20 steps
Results from episode  80000: Total Reward=   9.92 over  20 steps
Results from episode  81000: Total Reward=   9.94 over  20 steps
Results from episode  82000: Total Reward=   9.91 over  20 steps
Results from episode  83000: Total Reward=   9.93 over  20 steps
Results from episode  84000: Total Reward=   9.95 over  20 steps
Results from episode  85000: Total Reward=   9.93 over  20 steps
Results from episode  86000: Total Reward=   9.91 over  20 steps
Results from episode  87000: Total Reward=   9.92 over  20 steps
Results from episode  88000: Total Reward=   9.95 over  20 steps
Results from episode  89000: Total Reward=   9.93 over  20 steps
Results from episode  90000: Total Reward=   9.92 over  20 steps
Results from episode  91000: Total Reward=   9.92 over  20 steps
Results from episode  92000: Total Reward=   9.94 over  20 steps
Results from episode  93000: Total Reward=   9.95 over  20 steps
Results from episode  94000: Total Reward=   9.92 over  20 steps
Results from episode  95000: Total Reward=   9.94 over  20 steps
Results from episode  96000: Total Reward=   9.94 over  20 steps
Results from episode  97000: Total Reward=   9.95 over  20 steps
Results from episode  98000: Total Reward=   9.94 over  20 steps
Results from episode  99000: Total Reward=   9.96 over  20 steps
Results from episode 100000: Total Reward=   9.96 over  20 steps
Using TensorFlow backend.
pybullet build time: Apr 26 2019 18:02:57
argv[0]=
Traceback (most recent call last):
  File "train.py", line 312, in <module>
    main()
  File "train.py", line 249, in main
    print((t2-t1).minute)
AttributeError: 'datetime.timedelta' object has no attribute 'minute'
